Log file open, 11/04/21 18:59:33
LogWindows: Failed to load 'aqProf.dll' (GetLastError=126)
LogWindows: File 'aqProf.dll' does not exist
LogWindows: Failed to load 'VtuneApi.dll' (GetLastError=126)
LogWindows: File 'VtuneApi.dll' does not exist
LogWindows: Failed to load 'VtuneApi32e.dll' (GetLastError=126)
LogWindows: File 'VtuneApi32e.dll' does not exist
LogConsoleResponse: Display: Failed to find resolution value strings in scalability ini. Falling back to default.
LogConsoleResponse: Display: Failed to find resolution value strings in scalability ini. Falling back to default.
LogInit: Display: Running engine for game: My2ndProject
LogPlatformFile: Not using cached read wrapper
LogTaskGraph: Started task graph with 5 named threads and 14 total threads with 3 sets of task threads.
LogStats: Stats thread started at 0.233172
LogICUInternationalization: ICU TimeZone Detection - Raw Offset: +3:00, Platform Override: ''
LogInit: Display: Loading text-based GConfig....
LogPluginManager: Mounting plugin MeshPainting
LogPluginManager: Mounting plugin XGEController
LogPluginManager: Mounting plugin Paper2D
LogPluginManager: Mounting plugin LiveLink
LogPluginManager: Mounting plugin AISupport
LogPluginManager: Mounting plugin EnvironmentQueryEditor
LogPluginManager: Mounting plugin LightPropagationVolume
LogPluginManager: Mounting plugin OodleData
LogPluginManager: Mounting plugin OodleNetwork
LogPluginManager: Mounting plugin CameraShakePreviewer
LogPluginManager: Mounting plugin GameplayCameras
LogPluginManager: Mounting plugin AnimationSharing
LogPluginManager: Mounting plugin CLionSourceCodeAccess
LogPluginManager: Mounting plugin CodeLiteSourceCodeAccess
LogPluginManager: Mounting plugin GitSourceControl
LogPluginManager: Mounting plugin KDevelopSourceCodeAccess
LogPluginManager: Mounting plugin NullSourceCodeAccess
LogPluginManager: Mounting plugin PerforceSourceControl
LogPluginManager: Mounting plugin PixWinPlugin
LogPluginManager: Mounting plugin PlasticSourceControl
LogPluginManager: Mounting plugin PluginUtils
LogPluginManager: Mounting plugin PropertyAccessNode
LogPluginManager: Mounting plugin RiderSourceCodeAccess
LogPluginManager: Mounting plugin SubversionSourceControl
LogPluginManager: Mounting plugin TextureFormatOodle
LogPluginManager: Mounting plugin UObjectPlugin
LogPluginManager: Mounting plugin AssetManagerEditor
LogPluginManager: Mounting plugin CryptoKeys
LogPluginManager: Mounting plugin CurveEditorTools
LogPluginManager: Mounting plugin DataValidation
LogPluginManager: Mounting plugin FacialAnimation
LogPluginManager: Mounting plugin GameplayTagsEditor
LogPluginManager: Mounting plugin GeometryMode
LogPluginManager: Mounting plugin MacGraphicsSwitching
LogPluginManager: Mounting plugin MaterialAnalyzer
LogPluginManager: Mounting plugin MobileLauncherProfileWizard
LogPluginManager: Mounting plugin VisualStudioCodeSourceCodeAccess
LogPluginManager: Mounting plugin VisualStudioSourceCodeAccess
LogPluginManager: Mounting plugin XCodeSourceCodeAccess
LogPluginManager: Mounting plugin PluginBrowser
LogPluginManager: Mounting plugin SpeedTreeImporter
LogPluginManager: Mounting plugin DatasmithContent
LogPluginManager: Mounting plugin VariantManagerContent
LogPluginManager: Mounting plugin Niagara
LogPluginManager: Mounting plugin AlembicImporter
LogPluginManager: Mounting plugin AutomationUtils
LogPluginManager: Mounting plugin BackChannel
LogPluginManager: Mounting plugin ChaosCloth
LogPluginManager: Mounting plugin ChaosClothEditor
LogPluginManager: Mounting plugin ChaosEditor
LogPluginManager: Mounting plugin ChaosNiagara
LogPluginManager: Mounting plugin ChaosSolverPlugin
LogPluginManager: Mounting plugin CharacterAI
LogPluginManager: Mounting plugin GeometryCache
LogPluginManager: Mounting plugin GeometryCollectionPlugin
LogPluginManager: Mounting plugin LuminPlatformFeatures
LogPluginManager: Mounting plugin MagicLeap
LogPluginManager: Mounting plugin MagicLeapLightEstimation
LogPluginManager: Mounting plugin MagicLeapMedia
LogPluginManager: Mounting plugin MagicLeapPassableWorld
LogPluginManager: Mounting plugin GeometryProcessing
LogPluginManager: Mounting plugin MLSDK
LogPluginManager: Mounting plugin MotoSynth
LogPluginManager: Mounting plugin OpenImageDenoise
LogPluginManager: Mounting plugin PlanarCut
LogPluginManager: Mounting plugin PlatformCrypto
LogPluginManager: Mounting plugin ProxyLODPlugin
LogPluginManager: Mounting plugin PythonScriptPlugin
LogPluginManager: Mounting plugin SkeletalReduction
LogPluginManager: Mounting plugin AndroidMedia
LogPluginManager: Mounting plugin AvfMedia
LogPluginManager: Mounting plugin ImgMedia
LogPluginManager: Mounting plugin MediaCompositing
LogPluginManager: Mounting plugin MediaPlayerEditor
LogPluginManager: Mounting plugin WebMMedia
LogPluginManager: Mounting plugin WmfMedia
LogPluginManager: Mounting plugin TcpMessaging
LogPluginManager: Mounting plugin UdpMessaging
LogPluginManager: Mounting plugin ActorSequence
LogPluginManager: Mounting plugin LevelSequenceEditor
LogPluginManager: Mounting plugin MatineeToLevelSequence
LogPluginManager: Mounting plugin TemplateSequence
LogPluginManager: Mounting plugin OnlineSubsystem
LogPluginManager: Mounting plugin OnlineSubsystemNull
LogPluginManager: Mounting plugin OnlineSubsystemUtils
LogPluginManager: Mounting plugin LauncherChunkInstaller
LogPluginManager: Mounting plugin ActorLayerUtilities
LogPluginManager: Mounting plugin AndroidDeviceProfileSelector
LogPluginManager: Mounting plugin AndroidMoviePlayer
LogPluginManager: Mounting plugin AndroidPermission
LogPluginManager: Mounting plugin AppleImageUtils
LogPluginManager: Mounting plugin AppleMoviePlayer
LogPluginManager: Mounting plugin ArchVisCharacter
LogPluginManager: Mounting plugin AssetTags
LogPluginManager: Mounting plugin AudioCapture
LogPluginManager: Mounting plugin AudioSynesthesia
LogPluginManager: Mounting plugin CableComponent
LogPluginManager: Mounting plugin ChunkDownloader
LogPluginManager: Mounting plugin CustomMeshComponent
LogPluginManager: Mounting plugin EditableMesh
LogPluginManager: Mounting plugin ExampleDeviceProfileSelector
LogPluginManager: Mounting plugin GoogleCloudMessaging
LogPluginManager: Mounting plugin GooglePAD
LogPluginManager: Mounting plugin IOSDeviceProfileSelector
LogPluginManager: Mounting plugin LocationServicesBPLibrary
LogPluginManager: Mounting plugin LinuxDeviceProfileSelector
LogPluginManager: Mounting plugin MobilePatchingUtils
LogPluginManager: Mounting plugin OpenXR
LogPluginManager: Mounting plugin OpenXREyeTracker
LogPluginManager: Mounting plugin OpenXRHandTracking
LogPluginManager: Mounting plugin ScreenshotTools
LogPluginManager: Mounting plugin PhysXVehicles
LogPluginManager: Mounting plugin PostSplashScreen
LogPluginManager: Mounting plugin ProceduralMeshComponent
LogPluginManager: Mounting plugin PropertyAccessEditor
LogPluginManager: Mounting plugin RuntimePhysXCooking
LogPluginManager: Mounting plugin SignificanceManager
LogPluginManager: Mounting plugin SoundFields
LogPluginManager: Mounting plugin Synthesis
LogPluginManager: Mounting plugin Takes
LogPluginManager: Mounting plugin WebMMoviePlayer
LogPluginManager: Mounting plugin WindowsMoviePlayer
LogPluginManager: Mounting plugin ContentBrowserAssetDataSource
LogPluginManager: Mounting plugin ContentBrowserClassDataSource
LogPluginManager: Mounting plugin ContentBrowserFileDataSource
LogPluginManager: Mounting plugin OnlineSubsystemGooglePlay
LogPluginManager: Mounting plugin OnlineSubsystemIOS
LogPluginManager: Mounting plugin OculusVR
LogPluginManager: Mounting plugin SteamVR
PixWinPlugin: PIX capture plugin failed to initialize! Check that the process is launched from PIX.
LogInit: Using libcurl 7.55.1-DEV
LogInit:  - built for x86_64-pc-win32
LogInit:  - supports SSL with OpenSSL/1.1.1
LogInit:  - supports HTTP deflate (compression) using libz 1.2.8
LogInit:  - other features:
LogInit:      CURL_VERSION_SSL
LogInit:      CURL_VERSION_LIBZ
LogInit:      CURL_VERSION_IPV6
LogInit:      CURL_VERSION_ASYNCHDNS
LogInit:      CURL_VERSION_LARGEFILE
LogInit:      CURL_VERSION_IDN
LogInit:  CurlRequestOptions (configurable via config and command line):
LogInit:  - bVerifyPeer = true  - Libcurl will verify peer certificate
LogInit:  - bUseHttpProxy = false  - Libcurl will NOT use HTTP proxy
LogInit:  - bDontReuseConnections = false  - Libcurl will reuse connections
LogInit:  - MaxHostConnections = 16  - Libcurl will limit the number of connections to a host
LogInit:  - LocalHostAddr = Default
LogInit:  - BufferSize = 65536
LogOnline: OSS: Creating online subsystem instance for: NULL
LogInit: WinSock: version 1.1 (2.2), MaxSocks=32767, MaxUdp=65467
LogOnline: OSS: TryLoadSubsystemAndSetDefault: Loaded subsystem for module [NULL]
LogOculusPluginWrapper: OculusPlugin initialized successfully
LogHMD: Failed initializing OVRPlugin 1.59.0
LogInit: Build: ++UE4+Release-4.27-CL-17735300
LogInit: Engine Version: 4.27.1-17735300+++UE4+Release-4.27
LogInit: Compatible Engine Version: 4.27.0-17155196+++UE4+Release-4.27
LogInit: Net CL: 17155196
LogInit: OS: Windows 10 (Release 2009) (), CPU: Intel(R) Core(TM) i5-4690 CPU @ 3.50GHz, GPU: AMD Radeon (TM) R7 370 Series Graphics
LogInit: Compiled (64-bit): Oct  6 2021 14:42:51
LogInit: Compiled with Visual C++: 19.24.28315.00
LogInit: Build Configuration: Development
LogInit: Branch Name: ++UE4+Release-4.27
LogInit: Command Line: 
LogInit: Base Directory: D:/Epic Games/UE_4.27/Engine/Binaries/Win64/
LogInit: Allocator: TBB
LogInit: Installed Engine Build: 1
LogDevObjectVersion: Number of dev versions registered: 29
LogDevObjectVersion:   Dev-Blueprints (B0D832E4-1F89-4F0D-ACCF-7EB736FD4AA2): 10
LogDevObjectVersion:   Dev-Build (E1C64328-A22C-4D53-A36C-8E866417BD8C): 0
LogDevObjectVersion:   Dev-Core (375EC13C-06E4-48FB-B500-84F0262A717E): 4
LogDevObjectVersion:   Dev-Editor (E4B068ED-F494-42E9-A231-DA0B2E46BB41): 40
LogDevObjectVersion:   Dev-Framework (CFFC743F-43B0-4480-9391-14DF171D2073): 37
LogDevObjectVersion:   Dev-Mobile (B02B49B5-BB20-44E9-A304-32B752E40360): 3
LogDevObjectVersion:   Dev-Networking (A4E4105C-59A1-49B5-A7C5-40C4547EDFEE): 0
LogDevObjectVersion:   Dev-Online (39C831C9-5AE6-47DC-9A44-9C173E1C8E7C): 0
LogDevObjectVersion:   Dev-Physics (78F01B33-EBEA-4F98-B9B4-84EACCB95AA2): 14
LogDevObjectVersion:   Dev-Platform (6631380F-2D4D-43E0-8009-CF276956A95A): 0
LogDevObjectVersion:   Dev-Rendering (12F88B9F-8875-4AFC-A67C-D90C383ABD29): 45
LogDevObjectVersion:   Dev-Sequencer (7B5AE74C-D270-4C10-A958-57980B212A5A): 13
LogDevObjectVersion:   Dev-VR (D7296918-1DD6-4BDD-9DE2-64A83CC13884): 3
LogDevObjectVersion:   Dev-LoadTimes (C2A15278-BFE7-4AFE-6C17-90FF531DF755): 1
LogDevObjectVersion:   Private-Geometry (6EACA3D4-40EC-4CC1-B786-8BED09428FC5): 3
LogDevObjectVersion:   Dev-AnimPhys (29E575DD-E0A3-4627-9D10-D276232CDCEA): 17
LogDevObjectVersion:   Dev-Anim (AF43A65D-7FD3-4947-9873-3E8ED9C1BB05): 15
LogDevObjectVersion:   Dev-ReflectionCapture (6B266CEC-1EC7-4B8F-A30B-E4D90942FC07): 1
LogDevObjectVersion:   Dev-Automation (0DF73D61-A23F-47EA-B727-89E90C41499A): 1
LogDevObjectVersion:   FortniteMain (601D1886-AC64-4F84-AA16-D3DE0DEAC7D6): 47
LogDevObjectVersion:   FortniteRelease (E7086368-6B23-4C58-8439-1B7016265E91): 1
LogDevObjectVersion:   Dev-Enterprise (9DFFBCD6-494F-0158-E221-12823C92A888): 10
LogDevObjectVersion:   Dev-Niagara (F2AED0AC-9AFE-416F-8664-AA7FFA26D6FC): 1
LogDevObjectVersion:   Dev-Destruction (174F1F0B-B4C6-45A5-B13F-2EE8D0FB917D): 10
LogDevObjectVersion:   Dev-Physics-Ext (35F94A83-E258-406C-A318-09F59610247C): 41
LogDevObjectVersion:   Dev-PhysicsMaterial-Chaos (B68FC16E-8B1B-42E2-B453-215C058844FE): 1
LogDevObjectVersion:   Dev-CineCamera (B2E18506-4273-CFC2-A54E-F4BB758BBA07): 1
LogDevObjectVersion:   Dev-VirtualProduction (64F58936-FD1B-42BA-BA96-7289D5D0FA4E): 1
LogDevObjectVersion:   Dev-MediaFramework (6F0ED827-A609-4895-9C91-998D90180EA4): 2
LogInit: Presizing for max 25165824 objects, including 0 objects not considered by GC, pre-allocating 0 bytes for permanent pool.
LogConfig: Applying CVar settings from Section [/Script/Engine.StreamingSettings] File [D:/Unreal Projects/My2ndProject/Saved/Config/Windows/Engine.ini]
LogConfig: Setting CVar [[s.MinBulkDataSizeForAsyncLoading:131072]]
LogConfig: Setting CVar [[s.AsyncLoadingThreadEnabled:0]]
LogConfig: Setting CVar [[s.EventDrivenLoaderEnabled:1]]
LogConfig: Setting CVar [[s.WarnIfTimeLimitExceeded:0]]
LogConfig: Setting CVar [[s.TimeLimitExceededMultiplier:1.5]]
LogConfig: Setting CVar [[s.TimeLimitExceededMinTime:0.005]]
LogConfig: Setting CVar [[s.UseBackgroundLevelStreaming:1]]
LogConfig: Setting CVar [[s.PriorityAsyncLoadingExtraTime:15.0]]
LogConfig: Setting CVar [[s.LevelStreamingActorsUpdateTimeLimit:5.0]]
LogConfig: Setting CVar [[s.PriorityLevelStreamingActorsUpdateExtraTime:5.0]]
LogConfig: Setting CVar [[s.LevelStreamingComponentsRegistrationGranularity:10]]
LogConfig: Setting CVar [[s.UnregisterComponentsTimeLimit:1.0]]
LogConfig: Setting CVar [[s.LevelStreamingComponentsUnregistrationGranularity:5]]
LogConfig: Setting CVar [[s.FlushStreamingOnExit:1]]
LogInit: Object subsystem initialized
LogConfig: Setting CVar [[con.DebugEarlyDefault:1]]
LogConfig: Setting CVar [[r.setres:1280x720]]
[2021.11.04-15.59.33:724][  0]LogConfig: Setting CVar [[r.VSync:0]]
[2021.11.04-15.59.33:724][  0]LogConfig: Setting CVar [[r.RHICmdBypass:0]]
[2021.11.04-15.59.33:724][  0]LogConfig: Applying CVar settings from Section [/Script/Engine.RendererSettings] File [D:/Unreal Projects/My2ndProject/Saved/Config/Windows/Engine.ini]
[2021.11.04-15.59.33:724][  0]LogConfig: Setting CVar [[r.GPUCrashDebugging:0]]
[2021.11.04-15.59.33:724][  0]LogConfig: Applying CVar settings from Section [/Script/Engine.RendererOverrideSettings] File [D:/Unreal Projects/My2ndProject/Saved/Config/Windows/Engine.ini]
[2021.11.04-15.59.33:724][  0]LogConfig: Applying CVar settings from Section [/Script/Engine.StreamingSettings] File [D:/Unreal Projects/My2ndProject/Saved/Config/Windows/Engine.ini]
[2021.11.04-15.59.33:724][  0]LogConfig: Setting CVar [[s.MinBulkDataSizeForAsyncLoading:131072]]
[2021.11.04-15.59.33:724][  0]LogConfig: Setting CVar [[s.AsyncLoadingThreadEnabled:0]]
[2021.11.04-15.59.33:724][  0]LogConfig: Setting CVar [[s.EventDrivenLoaderEnabled:1]]
[2021.11.04-15.59.33:724][  0]LogConfig: Setting CVar [[s.WarnIfTimeLimitExceeded:0]]
[2021.11.04-15.59.33:724][  0]LogConfig: Setting CVar [[s.TimeLimitExceededMultiplier:1.5]]
[2021.11.04-15.59.33:724][  0]LogConfig: Setting CVar [[s.TimeLimitExceededMinTime:0.005]]
[2021.11.04-15.59.33:724][  0]LogConfig: Setting CVar [[s.UseBackgroundLevelStreaming:1]]
[2021.11.04-15.59.33:724][  0]LogConfig: Setting CVar [[s.PriorityAsyncLoadingExtraTime:15.0]]
[2021.11.04-15.59.33:724][  0]LogConfig: Setting CVar [[s.LevelStreamingActorsUpdateTimeLimit:5.0]]
[2021.11.04-15.59.33:724][  0]LogConfig: Setting CVar [[s.PriorityLevelStreamingActorsUpdateExtraTime:5.0]]
[2021.11.04-15.59.33:724][  0]LogConfig: Setting CVar [[s.LevelStreamingComponentsRegistrationGranularity:10]]
[2021.11.04-15.59.33:724][  0]LogConfig: Setting CVar [[s.UnregisterComponentsTimeLimit:1.0]]
[2021.11.04-15.59.33:724][  0]LogConfig: Setting CVar [[s.LevelStreamingComponentsUnregistrationGranularity:5]]
[2021.11.04-15.59.33:724][  0]LogConfig: Setting CVar [[s.FlushStreamingOnExit:1]]
[2021.11.04-15.59.33:724][  0]LogConfig: Applying CVar settings from Section [/Script/Engine.GarbageCollectionSettings] File [D:/Unreal Projects/My2ndProject/Saved/Config/Windows/Engine.ini]
[2021.11.04-15.59.33:724][  0]LogConfig: Setting CVar [[gc.MaxObjectsNotConsideredByGC:1]]
[2021.11.04-15.59.33:724][  0]LogConfig: Setting CVar [[gc.SizeOfPermanentObjectPool:0]]
[2021.11.04-15.59.33:724][  0]LogConfig: Setting CVar [[gc.FlushStreamingOnGC:0]]
[2021.11.04-15.59.33:724][  0]LogConfig: Setting CVar [[gc.NumRetriesBeforeForcingGC:10]]
[2021.11.04-15.59.33:724][  0]LogConfig: Setting CVar [[gc.AllowParallelGC:1]]
[2021.11.04-15.59.33:724][  0]LogConfig: Setting CVar [[gc.TimeBetweenPurgingPendingKillObjects:61.1]]
[2021.11.04-15.59.33:724][  0]LogConfig: Setting CVar [[gc.MaxObjectsInEditor:25165824]]
[2021.11.04-15.59.33:724][  0]LogConfig: Setting CVar [[gc.IncrementalBeginDestroyEnabled:1]]
[2021.11.04-15.59.33:724][  0]LogConfig: Setting CVar [[gc.CreateGCClusters:1]]
[2021.11.04-15.59.33:724][  0]LogConfig: Setting CVar [[gc.MinGCClusterSize:5]]
[2021.11.04-15.59.33:724][  0]LogConfig: Setting CVar [[gc.ActorClusteringEnabled:0]]
[2021.11.04-15.59.33:724][  0]LogConfig: Setting CVar [[gc.BlueprintClusteringEnabled:0]]
[2021.11.04-15.59.33:724][  0]LogConfig: Setting CVar [[gc.UseDisregardForGCOnDedicatedServers:0]]
[2021.11.04-15.59.33:724][  0]LogConfig: Setting CVar [[gc.MultithreadedDestructionEnabled:1]]
[2021.11.04-15.59.33:724][  0]LogConfig: Applying CVar settings from Section [/Script/Engine.NetworkSettings] File [D:/Unreal Projects/My2ndProject/Saved/Config/Windows/Engine.ini]
[2021.11.04-15.59.33:724][  0]LogConfig: Applying CVar settings from Section [/Script/UnrealEd.CookerSettings] File [D:/Unreal Projects/My2ndProject/Saved/Config/Windows/Engine.ini]
[2021.11.04-15.59.33:736][  0]LogConfig: Applying CVar settings from Section [ViewDistanceQuality@3] File [D:/Unreal Projects/My2ndProject/Saved/Config/Windows/Scalability.ini]
[2021.11.04-15.59.33:736][  0]LogConfig: Setting CVar [[r.SkeletalMeshLODBias:0]]
[2021.11.04-15.59.33:736][  0]LogConfig: Setting CVar [[r.ViewDistanceScale:1.0]]
[2021.11.04-15.59.33:736][  0]LogConfig: Applying CVar settings from Section [AntiAliasingQuality@3] File [D:/Unreal Projects/My2ndProject/Saved/Config/Windows/Scalability.ini]
[2021.11.04-15.59.33:736][  0]LogConfig: Setting CVar [[r.PostProcessAAQuality:4]]
[2021.11.04-15.59.33:736][  0]LogConfig: Applying CVar settings from Section [ShadowQuality@3] File [D:/Unreal Projects/My2ndProject/Saved/Config/Windows/Scalability.ini]
[2021.11.04-15.59.33:736][  0]LogConfig: Setting CVar [[r.LightFunctionQuality:1]]
[2021.11.04-15.59.33:736][  0]LogConfig: Setting CVar [[r.ShadowQuality:5]]
[2021.11.04-15.59.33:736][  0]LogConfig: Setting CVar [[r.Shadow.CSM.MaxCascades:10]]
[2021.11.04-15.59.33:736][  0]LogConfig: Setting CVar [[r.Shadow.MaxResolution:2048]]
[2021.11.04-15.59.33:736][  0]LogConfig: Setting CVar [[r.Shadow.MaxCSMResolution:2048]]
[2021.11.04-15.59.33:736][  0]LogConfig: Setting CVar [[r.Shadow.RadiusThreshold:0.01]]
[2021.11.04-15.59.33:736][  0]LogConfig: Setting CVar [[r.Shadow.DistanceScale:1.0]]
[2021.11.04-15.59.33:736][  0]LogConfig: Setting CVar [[r.Shadow.CSM.TransitionScale:1.0]]
[2021.11.04-15.59.33:736][  0]LogConfig: Setting CVar [[r.Shadow.PreShadowResolutionFactor:1.0]]
[2021.11.04-15.59.33:736][  0]LogConfig: Setting CVar [[r.DistanceFieldShadowing:1]]
[2021.11.04-15.59.33:736][  0]LogConfig: Setting CVar [[r.DistanceFieldAO:1]]
[2021.11.04-15.59.33:736][  0]LogConfig: Setting CVar [[r.AOQuality:2]]
[2021.11.04-15.59.33:736][  0]LogConfig: Setting CVar [[r.VolumetricFog:1]]
[2021.11.04-15.59.33:736][  0]LogConfig: Setting CVar [[r.VolumetricFog.GridPixelSize:8]]
[2021.11.04-15.59.33:736][  0]LogConfig: Setting CVar [[r.VolumetricFog.GridSizeZ:128]]
[2021.11.04-15.59.33:736][  0]LogConfig: Setting CVar [[r.VolumetricFog.HistoryMissSupersampleCount:4]]
[2021.11.04-15.59.33:736][  0]LogConfig: Setting CVar [[r.LightMaxDrawDistanceScale:1]]
[2021.11.04-15.59.33:736][  0]LogConfig: Setting CVar [[r.CapsuleShadows:1]]
[2021.11.04-15.59.33:736][  0]LogConfig: Applying CVar settings from Section [PostProcessQuality@3] File [D:/Unreal Projects/My2ndProject/Saved/Config/Windows/Scalability.ini]
[2021.11.04-15.59.33:736][  0]LogConfig: Setting CVar [[r.MotionBlurQuality:4]]
[2021.11.04-15.59.33:736][  0]LogConfig: Setting CVar [[r.AmbientOcclusionMipLevelFactor:0.4]]
[2021.11.04-15.59.33:736][  0]LogConfig: Setting CVar [[r.AmbientOcclusionMaxQuality:100]]
[2021.11.04-15.59.33:736][  0]LogConfig: Setting CVar [[r.AmbientOcclusionLevels:-1]]
[2021.11.04-15.59.33:736][  0]LogConfig: Setting CVar [[r.AmbientOcclusionRadiusScale:1.0]]
[2021.11.04-15.59.33:736][  0]LogConfig: Setting CVar [[r.DepthOfFieldQuality:2]]
[2021.11.04-15.59.33:736][  0]LogConfig: Setting CVar [[r.RenderTargetPoolMin:400]]
[2021.11.04-15.59.33:736][  0]LogConfig: Setting CVar [[r.LensFlareQuality:2]]
[2021.11.04-15.59.33:736][  0]LogConfig: Setting CVar [[r.SceneColorFringeQuality:1]]
[2021.11.04-15.59.33:736][  0]LogConfig: Setting CVar [[r.EyeAdaptationQuality:2]]
[2021.11.04-15.59.33:736][  0]LogConfig: Setting CVar [[r.BloomQuality:5]]
[2021.11.04-15.59.33:736][  0]LogConfig: Setting CVar [[r.FastBlurThreshold:100]]
[2021.11.04-15.59.33:736][  0]LogConfig: Setting CVar [[r.Upscale.Quality:3]]
[2021.11.04-15.59.33:736][  0]LogConfig: Setting CVar [[r.Tonemapper.GrainQuantization:1]]
[2021.11.04-15.59.33:736][  0]LogConfig: Setting CVar [[r.LightShaftQuality:1]]
[2021.11.04-15.59.33:736][  0]LogConfig: Setting CVar [[r.Filter.SizeScale:1]]
[2021.11.04-15.59.33:737][  0]LogConfig: Setting CVar [[r.Tonemapper.Quality:5]]
[2021.11.04-15.59.33:737][  0]LogConfig: Setting CVar [[r.DOF.Gather.AccumulatorQuality:1        ; higher gathering accumulator quality]]
[2021.11.04-15.59.33:737][  0]LogConfig: Setting CVar [[r.DOF.Gather.PostfilterMethod:1          ; Median3x3 postfilering method]]
[2021.11.04-15.59.33:737][  0]LogConfig: Setting CVar [[r.DOF.Gather.EnableBokehSettings:0       ; no bokeh simulation when gathering]]
[2021.11.04-15.59.33:737][  0]LogConfig: Setting CVar [[r.DOF.Gather.RingCount:4                 ; medium number of samples when gathering]]
[2021.11.04-15.59.33:737][  0]LogConfig: Setting CVar [[r.DOF.Scatter.ForegroundCompositing:1    ; additive foreground scattering]]
[2021.11.04-15.59.33:737][  0]LogConfig: Setting CVar [[r.DOF.Scatter.BackgroundCompositing:2    ; additive background scattering]]
[2021.11.04-15.59.33:737][  0]LogConfig: Setting CVar [[r.DOF.Scatter.EnableBokehSettings:1      ; bokeh simulation when scattering]]
[2021.11.04-15.59.33:737][  0]LogConfig: Setting CVar [[r.DOF.Scatter.MaxSpriteRatio:0.1         ; only a maximum of 10% of scattered bokeh]]
[2021.11.04-15.59.33:737][  0]LogConfig: Setting CVar [[r.DOF.Recombine.Quality:1                ; cheap slight out of focus]]
[2021.11.04-15.59.33:737][  0]LogConfig: Setting CVar [[r.DOF.Recombine.EnableBokehSettings:0    ; no bokeh simulation on slight out of focus]]
[2021.11.04-15.59.33:737][  0]LogConfig: Setting CVar [[r.DOF.TemporalAAQuality:1                ; more stable temporal accumulation]]
[2021.11.04-15.59.33:737][  0]LogConfig: Setting CVar [[r.DOF.Kernel.MaxForegroundRadius:0.025]]
[2021.11.04-15.59.33:737][  0]LogConfig: Setting CVar [[r.DOF.Kernel.MaxBackgroundRadius:0.025]]
[2021.11.04-15.59.33:737][  0]LogConfig: Applying CVar settings from Section [TextureQuality@3] File [D:/Unreal Projects/My2ndProject/Saved/Config/Windows/Scalability.ini]
[2021.11.04-15.59.33:737][  0]LogConfig: Setting CVar [[r.Streaming.MipBias:0]]
[2021.11.04-15.59.33:737][  0]LogConfig: Setting CVar [[r.Streaming.AmortizeCPUToGPUCopy:0]]
[2021.11.04-15.59.33:737][  0]LogConfig: Setting CVar [[r.Streaming.MaxNumTexturesToStreamPerFrame:0]]
[2021.11.04-15.59.33:737][  0]LogConfig: Setting CVar [[r.Streaming.Boost:1]]
[2021.11.04-15.59.33:737][  0]LogConfig: Setting CVar [[r.MaxAnisotropy:8]]
[2021.11.04-15.59.33:737][  0]LogConfig: Setting CVar [[r.VT.MaxAnisotropy:8]]
[2021.11.04-15.59.33:737][  0]LogConfig: Setting CVar [[r.Streaming.LimitPoolSizeToVRAM:0]]
[2021.11.04-15.59.33:737][  0]LogConfig: Setting CVar [[r.Streaming.PoolSize:1000]]
[2021.11.04-15.59.33:737][  0]LogConfig: Setting CVar [[r.Streaming.MaxEffectiveScreenSize:0]]
[2021.11.04-15.59.33:737][  0]LogConfig: Applying CVar settings from Section [EffectsQuality@3] File [D:/Unreal Projects/My2ndProject/Saved/Config/Windows/Scalability.ini]
[2021.11.04-15.59.33:737][  0]LogConfig: Setting CVar [[r.TranslucencyLightingVolumeDim:64]]
[2021.11.04-15.59.33:737][  0]LogConfig: Setting CVar [[r.RefractionQuality:2]]
[2021.11.04-15.59.33:737][  0]LogConfig: Setting CVar [[r.SSR.Quality:3]]
[2021.11.04-15.59.33:737][  0]LogConfig: Setting CVar [[r.SSR.HalfResSceneColor:0]]
[2021.11.04-15.59.33:737][  0]LogConfig: Setting CVar [[r.SceneColorFormat:4]]
[2021.11.04-15.59.33:737][  0]LogConfig: Setting CVar [[r.DetailMode:2]]
[2021.11.04-15.59.33:737][  0]LogConfig: Setting CVar [[r.TranslucencyVolumeBlur:1]]
[2021.11.04-15.59.33:737][  0]LogConfig: Setting CVar [[r.MaterialQualityLevel:1 ; High quality]]
[2021.11.04-15.59.33:737][  0]LogConfig: Setting CVar [[r.AnisotropicMaterials:1]]
[2021.11.04-15.59.33:737][  0]LogConfig: Setting CVar [[r.SSS.Scale:1]]
[2021.11.04-15.59.33:737][  0]LogConfig: Setting CVar [[r.SSS.SampleSet:2]]
[2021.11.04-15.59.33:737][  0]LogConfig: Setting CVar [[r.SSS.Quality:1]]
[2021.11.04-15.59.33:737][  0]LogConfig: Setting CVar [[r.SSS.HalfRes:0]]
[2021.11.04-15.59.33:737][  0]LogConfig: Setting CVar [[r.SSGI.Quality:3]]
[2021.11.04-15.59.33:737][  0]LogConfig: Setting CVar [[r.EmitterSpawnRateScale:1.0]]
[2021.11.04-15.59.33:737][  0]LogConfig: Setting CVar [[r.ParticleLightQuality:2]]
[2021.11.04-15.59.33:737][  0]LogConfig: Setting CVar [[r.SkyAtmosphere.AerialPerspectiveLUT.FastApplyOnOpaque:1 ; Always have FastSkyLUT 1 in this case to avoid wrong sky]]
[2021.11.04-15.59.33:737][  0]LogConfig: Setting CVar [[r.SkyAtmosphere.AerialPerspectiveLUT.SampleCountMaxPerSlice:4]]
[2021.11.04-15.59.33:737][  0]LogConfig: Setting CVar [[r.SkyAtmosphere.AerialPerspectiveLUT.DepthResolution:16.0]]
[2021.11.04-15.59.33:737][  0]LogConfig: Setting CVar [[r.SkyAtmosphere.FastSkyLUT:1]]
[2021.11.04-15.59.33:737][  0]LogConfig: Setting CVar [[r.SkyAtmosphere.FastSkyLUT.SampleCountMin:4.0]]
[2021.11.04-15.59.33:737][  0]LogConfig: Setting CVar [[r.SkyAtmosphere.FastSkyLUT.SampleCountMax:128.0]]
[2021.11.04-15.59.33:737][  0]LogConfig: Setting CVar [[r.SkyAtmosphere.SampleCountMin:4.0]]
[2021.11.04-15.59.33:737][  0]LogConfig: Setting CVar [[r.SkyAtmosphere.SampleCountMax:128.0]]
[2021.11.04-15.59.33:737][  0]LogConfig: Setting CVar [[r.SkyAtmosphere.TransmittanceLUT.UseSmallFormat:0]]
[2021.11.04-15.59.33:737][  0]LogConfig: Setting CVar [[r.SkyAtmosphere.TransmittanceLUT.SampleCount:10.0]]
[2021.11.04-15.59.33:737][  0]LogConfig: Setting CVar [[r.SkyAtmosphere.MultiScatteringLUT.SampleCount:15.0]]
[2021.11.04-15.59.33:737][  0]LogConfig: Setting CVar [[r.SkyLight.RealTimeReflectionCapture:1]]
[2021.11.04-15.59.33:737][  0]LogConfig: Applying CVar settings from Section [FoliageQuality@3] File [D:/Unreal Projects/My2ndProject/Saved/Config/Windows/Scalability.ini]
[2021.11.04-15.59.33:737][  0]LogConfig: Setting CVar [[foliage.DensityScale:1.0]]
[2021.11.04-15.59.33:737][  0]LogConfig: Setting CVar [[grass.DensityScale:1.0]]
[2021.11.04-15.59.33:737][  0]LogConfig: Applying CVar settings from Section [ShadingQuality@3] File [D:/Unreal Projects/My2ndProject/Saved/Config/Windows/Scalability.ini]
[2021.11.04-15.59.33:737][  0]LogConfig: Setting CVar [[r.HairStrands.SkyLighting.IntegrationType:2]]
[2021.11.04-15.59.33:737][  0]LogConfig: Setting CVar [[r.HairStrands.SkyAO.SampleCount:4]]
[2021.11.04-15.59.33:737][  0]LogConfig: Setting CVar [[r.HairStrands.Visibility.MSAA.SamplePerPixel:4]]
[2021.11.04-15.59.33:737][  0]LogInit: Selected Device Profile: [Windows]
[2021.11.04-15.59.33:737][  0]LogInit: Applying CVar settings loaded from the selected device profile: [Windows]
[2021.11.04-15.59.33:737][  0]LogHAL: Display: Platform has ~ 8 GB [8529043456 / 8589934592 / 8], which maps to Default [LargestMinGB=32, LargerMinGB=12, DefaultMinGB=8, SmallerMinGB=6, SmallestMinGB=0)
[2021.11.04-15.59.33:737][  0]LogInit: Going up to parent DeviceProfile []
[2021.11.04-15.59.33:737][  0]LogConfig: Applying CVar settings from Section [ViewDistanceQuality@3] File [D:/Unreal Projects/My2ndProject/Saved/Config/Windows/Scalability.ini]
[2021.11.04-15.59.33:737][  0]LogConfig: Setting CVar [[r.SkeletalMeshLODBias:0]]
[2021.11.04-15.59.33:737][  0]LogConfig: Setting CVar [[r.ViewDistanceScale:1.0]]
[2021.11.04-15.59.33:737][  0]LogConfig: Applying CVar settings from Section [AntiAliasingQuality@3] File [D:/Unreal Projects/My2ndProject/Saved/Config/Windows/Scalability.ini]
[2021.11.04-15.59.33:737][  0]LogConfig: Setting CVar [[r.PostProcessAAQuality:4]]
[2021.11.04-15.59.33:737][  0]LogConfig: Applying CVar settings from Section [ShadowQuality@3] File [D:/Unreal Projects/My2ndProject/Saved/Config/Windows/Scalability.ini]
[2021.11.04-15.59.33:737][  0]LogConfig: Setting CVar [[r.LightFunctionQuality:1]]
[2021.11.04-15.59.33:738][  0]LogConfig: Setting CVar [[r.ShadowQuality:5]]
[2021.11.04-15.59.33:738][  0]LogConfig: Setting CVar [[r.Shadow.CSM.MaxCascades:10]]
[2021.11.04-15.59.33:738][  0]LogConfig: Setting CVar [[r.Shadow.MaxResolution:2048]]
[2021.11.04-15.59.33:738][  0]LogConfig: Setting CVar [[r.Shadow.MaxCSMResolution:2048]]
[2021.11.04-15.59.33:738][  0]LogConfig: Setting CVar [[r.Shadow.RadiusThreshold:0.01]]
[2021.11.04-15.59.33:738][  0]LogConfig: Setting CVar [[r.Shadow.DistanceScale:1.0]]
[2021.11.04-15.59.33:738][  0]LogConfig: Setting CVar [[r.Shadow.CSM.TransitionScale:1.0]]
[2021.11.04-15.59.33:738][  0]LogConfig: Setting CVar [[r.Shadow.PreShadowResolutionFactor:1.0]]
[2021.11.04-15.59.33:738][  0]LogConfig: Setting CVar [[r.DistanceFieldShadowing:1]]
[2021.11.04-15.59.33:738][  0]LogConfig: Setting CVar [[r.DistanceFieldAO:1]]
[2021.11.04-15.59.33:738][  0]LogConfig: Setting CVar [[r.AOQuality:2]]
[2021.11.04-15.59.33:738][  0]LogConfig: Setting CVar [[r.VolumetricFog:1]]
[2021.11.04-15.59.33:738][  0]LogConfig: Setting CVar [[r.VolumetricFog.GridPixelSize:8]]
[2021.11.04-15.59.33:738][  0]LogConfig: Setting CVar [[r.VolumetricFog.GridSizeZ:128]]
[2021.11.04-15.59.33:738][  0]LogConfig: Setting CVar [[r.VolumetricFog.HistoryMissSupersampleCount:4]]
[2021.11.04-15.59.33:738][  0]LogConfig: Setting CVar [[r.LightMaxDrawDistanceScale:1]]
[2021.11.04-15.59.33:738][  0]LogConfig: Setting CVar [[r.CapsuleShadows:1]]
[2021.11.04-15.59.33:738][  0]LogConfig: Applying CVar settings from Section [PostProcessQuality@3] File [D:/Unreal Projects/My2ndProject/Saved/Config/Windows/Scalability.ini]
[2021.11.04-15.59.33:738][  0]LogConfig: Setting CVar [[r.MotionBlurQuality:4]]
[2021.11.04-15.59.33:738][  0]LogConfig: Setting CVar [[r.AmbientOcclusionMipLevelFactor:0.4]]
[2021.11.04-15.59.33:738][  0]LogConfig: Setting CVar [[r.AmbientOcclusionMaxQuality:100]]
[2021.11.04-15.59.33:738][  0]LogConfig: Setting CVar [[r.AmbientOcclusionLevels:-1]]
[2021.11.04-15.59.33:738][  0]LogConfig: Setting CVar [[r.AmbientOcclusionRadiusScale:1.0]]
[2021.11.04-15.59.33:738][  0]LogConfig: Setting CVar [[r.DepthOfFieldQuality:2]]
[2021.11.04-15.59.33:738][  0]LogConfig: Setting CVar [[r.RenderTargetPoolMin:400]]
[2021.11.04-15.59.33:738][  0]LogConfig: Setting CVar [[r.LensFlareQuality:2]]
[2021.11.04-15.59.33:738][  0]LogConfig: Setting CVar [[r.SceneColorFringeQuality:1]]
[2021.11.04-15.59.33:738][  0]LogConfig: Setting CVar [[r.EyeAdaptationQuality:2]]
[2021.11.04-15.59.33:738][  0]LogConfig: Setting CVar [[r.BloomQuality:5]]
[2021.11.04-15.59.33:738][  0]LogConfig: Setting CVar [[r.FastBlurThreshold:100]]
[2021.11.04-15.59.33:738][  0]LogConfig: Setting CVar [[r.Upscale.Quality:3]]
[2021.11.04-15.59.33:738][  0]LogConfig: Setting CVar [[r.Tonemapper.GrainQuantization:1]]
[2021.11.04-15.59.33:738][  0]LogConfig: Setting CVar [[r.LightShaftQuality:1]]
[2021.11.04-15.59.33:738][  0]LogConfig: Setting CVar [[r.Filter.SizeScale:1]]
[2021.11.04-15.59.33:738][  0]LogConfig: Setting CVar [[r.Tonemapper.Quality:5]]
[2021.11.04-15.59.33:738][  0]LogConfig: Setting CVar [[r.DOF.Gather.AccumulatorQuality:1        ; higher gathering accumulator quality]]
[2021.11.04-15.59.33:738][  0]LogConfig: Setting CVar [[r.DOF.Gather.PostfilterMethod:1          ; Median3x3 postfilering method]]
[2021.11.04-15.59.33:738][  0]LogConfig: Setting CVar [[r.DOF.Gather.EnableBokehSettings:0       ; no bokeh simulation when gathering]]
[2021.11.04-15.59.33:738][  0]LogConfig: Setting CVar [[r.DOF.Gather.RingCount:4                 ; medium number of samples when gathering]]
[2021.11.04-15.59.33:738][  0]LogConfig: Setting CVar [[r.DOF.Scatter.ForegroundCompositing:1    ; additive foreground scattering]]
[2021.11.04-15.59.33:738][  0]LogConfig: Setting CVar [[r.DOF.Scatter.BackgroundCompositing:2    ; additive background scattering]]
[2021.11.04-15.59.33:738][  0]LogConfig: Setting CVar [[r.DOF.Scatter.EnableBokehSettings:1      ; bokeh simulation when scattering]]
[2021.11.04-15.59.33:738][  0]LogConfig: Setting CVar [[r.DOF.Scatter.MaxSpriteRatio:0.1         ; only a maximum of 10% of scattered bokeh]]
[2021.11.04-15.59.33:738][  0]LogConfig: Setting CVar [[r.DOF.Recombine.Quality:1                ; cheap slight out of focus]]
[2021.11.04-15.59.33:738][  0]LogConfig: Setting CVar [[r.DOF.Recombine.EnableBokehSettings:0    ; no bokeh simulation on slight out of focus]]
[2021.11.04-15.59.33:738][  0]LogConfig: Setting CVar [[r.DOF.TemporalAAQuality:1                ; more stable temporal accumulation]]
[2021.11.04-15.59.33:738][  0]LogConfig: Setting CVar [[r.DOF.Kernel.MaxForegroundRadius:0.025]]
[2021.11.04-15.59.33:738][  0]LogConfig: Setting CVar [[r.DOF.Kernel.MaxBackgroundRadius:0.025]]
[2021.11.04-15.59.33:738][  0]LogConfig: Applying CVar settings from Section [TextureQuality@3] File [D:/Unreal Projects/My2ndProject/Saved/Config/Windows/Scalability.ini]
[2021.11.04-15.59.33:738][  0]LogConfig: Setting CVar [[r.Streaming.MipBias:0]]
[2021.11.04-15.59.33:738][  0]LogConfig: Setting CVar [[r.Streaming.AmortizeCPUToGPUCopy:0]]
[2021.11.04-15.59.33:738][  0]LogConfig: Setting CVar [[r.Streaming.MaxNumTexturesToStreamPerFrame:0]]
[2021.11.04-15.59.33:738][  0]LogConfig: Setting CVar [[r.Streaming.Boost:1]]
[2021.11.04-15.59.33:738][  0]LogConfig: Setting CVar [[r.MaxAnisotropy:8]]
[2021.11.04-15.59.33:738][  0]LogConfig: Setting CVar [[r.VT.MaxAnisotropy:8]]
[2021.11.04-15.59.33:738][  0]LogConfig: Setting CVar [[r.Streaming.LimitPoolSizeToVRAM:0]]
[2021.11.04-15.59.33:738][  0]LogConfig: Setting CVar [[r.Streaming.PoolSize:1000]]
[2021.11.04-15.59.33:738][  0]LogConfig: Setting CVar [[r.Streaming.MaxEffectiveScreenSize:0]]
[2021.11.04-15.59.33:738][  0]LogConfig: Applying CVar settings from Section [EffectsQuality@3] File [D:/Unreal Projects/My2ndProject/Saved/Config/Windows/Scalability.ini]
[2021.11.04-15.59.33:738][  0]LogConfig: Setting CVar [[r.TranslucencyLightingVolumeDim:64]]
[2021.11.04-15.59.33:738][  0]LogConfig: Setting CVar [[r.RefractionQuality:2]]
[2021.11.04-15.59.33:738][  0]LogConfig: Setting CVar [[r.SSR.Quality:3]]
[2021.11.04-15.59.33:738][  0]LogConfig: Setting CVar [[r.SSR.HalfResSceneColor:0]]
[2021.11.04-15.59.33:738][  0]LogConfig: Setting CVar [[r.SceneColorFormat:4]]
[2021.11.04-15.59.33:738][  0]LogConfig: Setting CVar [[r.DetailMode:2]]
[2021.11.04-15.59.33:738][  0]LogConfig: Setting CVar [[r.TranslucencyVolumeBlur:1]]
[2021.11.04-15.59.33:738][  0]LogConfig: Setting CVar [[r.MaterialQualityLevel:1 ; High quality]]
[2021.11.04-15.59.33:738][  0]LogConfig: Setting CVar [[r.AnisotropicMaterials:1]]
[2021.11.04-15.59.33:738][  0]LogConfig: Setting CVar [[r.SSS.Scale:1]]
[2021.11.04-15.59.33:738][  0]LogConfig: Setting CVar [[r.SSS.SampleSet:2]]
[2021.11.04-15.59.33:738][  0]LogConfig: Setting CVar [[r.SSS.Quality:1]]
[2021.11.04-15.59.33:738][  0]LogConfig: Setting CVar [[r.SSS.HalfRes:0]]
[2021.11.04-15.59.33:738][  0]LogConfig: Setting CVar [[r.SSGI.Quality:3]]
[2021.11.04-15.59.33:738][  0]LogConfig: Setting CVar [[r.EmitterSpawnRateScale:1.0]]
[2021.11.04-15.59.33:738][  0]LogConfig: Setting CVar [[r.ParticleLightQuality:2]]
[2021.11.04-15.59.33:738][  0]LogConfig: Setting CVar [[r.SkyAtmosphere.AerialPerspectiveLUT.FastApplyOnOpaque:1 ; Always have FastSkyLUT 1 in this case to avoid wrong sky]]
[2021.11.04-15.59.33:738][  0]LogConfig: Setting CVar [[r.SkyAtmosphere.AerialPerspectiveLUT.SampleCountMaxPerSlice:4]]
[2021.11.04-15.59.33:738][  0]LogConfig: Setting CVar [[r.SkyAtmosphere.AerialPerspectiveLUT.DepthResolution:16.0]]
[2021.11.04-15.59.33:738][  0]LogConfig: Setting CVar [[r.SkyAtmosphere.FastSkyLUT:1]]
[2021.11.04-15.59.33:738][  0]LogConfig: Setting CVar [[r.SkyAtmosphere.FastSkyLUT.SampleCountMin:4.0]]
[2021.11.04-15.59.33:738][  0]LogConfig: Setting CVar [[r.SkyAtmosphere.FastSkyLUT.SampleCountMax:128.0]]
[2021.11.04-15.59.33:738][  0]LogConfig: Setting CVar [[r.SkyAtmosphere.SampleCountMin:4.0]]
[2021.11.04-15.59.33:738][  0]LogConfig: Setting CVar [[r.SkyAtmosphere.SampleCountMax:128.0]]
[2021.11.04-15.59.33:738][  0]LogConfig: Setting CVar [[r.SkyAtmosphere.TransmittanceLUT.UseSmallFormat:0]]
[2021.11.04-15.59.33:739][  0]LogConfig: Setting CVar [[r.SkyAtmosphere.TransmittanceLUT.SampleCount:10.0]]
[2021.11.04-15.59.33:739][  0]LogConfig: Setting CVar [[r.SkyAtmosphere.MultiScatteringLUT.SampleCount:15.0]]
[2021.11.04-15.59.33:739][  0]LogConfig: Setting CVar [[r.SkyLight.RealTimeReflectionCapture:1]]
[2021.11.04-15.59.33:739][  0]LogConfig: Applying CVar settings from Section [FoliageQuality@3] File [D:/Unreal Projects/My2ndProject/Saved/Config/Windows/Scalability.ini]
[2021.11.04-15.59.33:739][  0]LogConfig: Setting CVar [[foliage.DensityScale:1.0]]
[2021.11.04-15.59.33:739][  0]LogConfig: Setting CVar [[grass.DensityScale:1.0]]
[2021.11.04-15.59.33:739][  0]LogConfig: Applying CVar settings from Section [ShadingQuality@3] File [D:/Unreal Projects/My2ndProject/Saved/Config/Windows/Scalability.ini]
[2021.11.04-15.59.33:739][  0]LogConfig: Setting CVar [[r.HairStrands.SkyLighting.IntegrationType:2]]
[2021.11.04-15.59.33:739][  0]LogConfig: Setting CVar [[r.HairStrands.SkyAO.SampleCount:4]]
[2021.11.04-15.59.33:739][  0]LogConfig: Setting CVar [[r.HairStrands.Visibility.MSAA.SamplePerPixel:4]]
[2021.11.04-15.59.33:739][  0]LogConfig: Applying CVar settings from Section [Startup] File [../../../Engine/Config/ConsoleVariables.ini]
[2021.11.04-15.59.33:739][  0]LogConfig: Setting CVar [[net.UseAdaptiveNetUpdateFrequency:0]]
[2021.11.04-15.59.33:739][  0]LogConfig: Setting CVar [[p.chaos.AllowCreatePhysxBodies:1]]
[2021.11.04-15.59.33:739][  0]LogConfig: Setting CVar [[fx.SkipVectorVMBackendOptimizations:1]]
[2021.11.04-15.59.33:739][  0]LogConfig: Applying CVar settings from Section [ConsoleVariables] File [D:/Unreal Projects/My2ndProject/Saved/Config/Windows/Engine.ini]
[2021.11.04-15.59.33:739][  0]LogConfig: Applying CVar settings from Section [ConsoleVariables] File [D:/Unreal Projects/My2ndProject/Saved/Config/Windows/Editor.ini]
[2021.11.04-15.59.33:739][  0]LogInit: Computer: DESKTOP-QHAS8SD
[2021.11.04-15.59.33:739][  0]LogInit: User: User
[2021.11.04-15.59.33:739][  0]LogInit: CPU Page size=4096, Cores=4
[2021.11.04-15.59.33:739][  0]LogInit: High frequency timer resolution =10.000000 MHz
[2021.11.04-15.59.33:739][  0]LogMemory: Memory total: Physical=7.9GB (8GB approx)
[2021.11.04-15.59.33:739][  0]LogMemory: Platform Memory Stats for Windows
[2021.11.04-15.59.33:739][  0]LogMemory: Process Physical Memory: 144.93 MB used, 144.93 MB peak
[2021.11.04-15.59.33:739][  0]LogMemory: Process Virtual Memory: 125.39 MB used, 125.39 MB peak
[2021.11.04-15.59.33:739][  0]LogMemory: Physical Memory: 5501.62 MB used,  2632.31 MB free, 8133.93 MB total
[2021.11.04-15.59.33:739][  0]LogMemory: Virtual Memory: 134213880.00 MB used,  3844.91 MB free, 134217728.00 MB total
[2021.11.04-15.59.33:744][  0]LogWindows: WindowsPlatformFeatures enabled
[2021.11.04-15.59.33:762][  0]LogInit: Physics initialised using underlying interface: PhysX
[2021.11.04-15.59.33:762][  0]LogInit: Using OS detected language (ru-RU).
[2021.11.04-15.59.33:762][  0]LogInit: Using OS detected locale (ru-RU).
[2021.11.04-15.59.33:763][  0]LogTextLocalizationManager: No specific localization for 'ru-RU' exists, so the 'ru' localization will be used.
[2021.11.04-15.59.33:763][  0]LogTextLocalizationResource: LocRes '../../../Engine/Content/Localization/Editor/ru/Editor.locres' could not be opened for reading!
[2021.11.04-15.59.33:763][  0]LogTextLocalizationResource: LocRes '../../../Engine/Content/Localization/EditorTutorials/ru/EditorTutorials.locres' could not be opened for reading!
[2021.11.04-15.59.33:764][  0]LogTextLocalizationResource: LocRes '../../../Engine/Content/Localization/Keywords/ru/Keywords.locres' could not be opened for reading!
[2021.11.04-15.59.33:764][  0]LogTextLocalizationResource: LocRes '../../../Engine/Content/Localization/Category/ru/Category.locres' could not be opened for reading!
[2021.11.04-15.59.33:764][  0]LogTextLocalizationResource: LocRes '../../../Engine/Content/Localization/ToolTips/ru/ToolTips.locres' could not be opened for reading!
[2021.11.04-15.59.33:764][  0]LogTextLocalizationResource: LocRes '../../../Engine/Content/Localization/PropertyNames/ru/PropertyNames.locres' could not be opened for reading!
[2021.11.04-15.59.33:764][  0]LogTextLocalizationResource: LocRes '../../../Engine/Content/Localization/Engine/ru/Engine.locres' could not be opened for reading!
[2021.11.04-15.59.33:764][  0]LogInit: Setting process to per monitor DPI aware
[2021.11.04-15.59.33:773][  0]LogWindowsTextInputMethodSystem: Display: IME system deactivated.
[2021.11.04-15.59.33:784][  0]LogSlate: New Slate User Created.  User Index 0, Is Virtual User: 0
[2021.11.04-15.59.33:784][  0]LogSlate: Slate User Registered.  User Index 0, Is Virtual User: 0
[2021.11.04-15.59.33:901][  0]LogD3D11RHI: Loaded GFSDK_Aftermath_Lib.x64.dll
[2021.11.04-15.59.33:904][  0]LogHMD: Failed to initialize OpenVR with code 110
[2021.11.04-15.59.33:904][  0]LogD3D11RHI: D3D11 min allowed feature level: 11_0
[2021.11.04-15.59.33:904][  0]LogD3D11RHI: D3D11 max allowed feature level: 11_0
[2021.11.04-15.59.33:904][  0]LogD3D11RHI: D3D11 adapters:
[2021.11.04-15.59.33:968][  0]LogD3D11RHI:    0. 'AMD Radeon (TM) R7 370 Series Graphics' (Feature Level 11_0)
[2021.11.04-15.59.33:968][  0]LogD3D11RHI:       4075/0/4066 MB DedicatedVideo/DedicatedSystem/SharedSystem, Outputs:1, VendorId:0x1002
[2021.11.04-15.59.33:971][  0]LogD3D11RHI:    1. 'Microsoft Basic Render Driver' (Feature Level 11_0)
[2021.11.04-15.59.33:971][  0]LogD3D11RHI:       0/0/4066 MB DedicatedVideo/DedicatedSystem/SharedSystem, Outputs:0, VendorId:0x1414
[2021.11.04-15.59.33:971][  0]LogD3D11RHI: Chosen D3D11 Adapter:
[2021.11.04-15.59.33:971][  0]LogD3D11RHI:     Description : AMD Radeon (TM) R7 370 Series Graphics
[2021.11.04-15.59.33:971][  0]LogD3D11RHI:     VendorId    : 1002
[2021.11.04-15.59.33:971][  0]LogD3D11RHI:     DeviceId    : 6811
[2021.11.04-15.59.33:971][  0]LogD3D11RHI:     SubSysId    : 20151043
[2021.11.04-15.59.33:971][  0]LogD3D11RHI:     Revision    : 0081
[2021.11.04-15.59.33:971][  0]LogD3D11RHI:     DedicatedVideoMemory : 4273709056 bytes
[2021.11.04-15.59.33:971][  0]LogD3D11RHI:     DedicatedSystemMemory : 0 bytes
[2021.11.04-15.59.33:971][  0]LogD3D11RHI:     SharedSystemMemory : 4264521728 bytes
[2021.11.04-15.59.33:971][  0]LogD3D11RHI:     AdapterLuid : 0 48205
[2021.11.04-15.59.33:976][  0]LogD3D11RHI: Creating new Direct3DDevice
[2021.11.04-15.59.33:976][  0]LogD3D11RHI:     GPU DeviceId: 0x6811 (for the marketing name, search the web for "GPU Device Id")
[2021.11.04-15.59.33:976][  0]LogWindows: EnumDisplayDevices:
[2021.11.04-15.59.33:976][  0]LogWindows:    0. 'AMD Radeon (TM) R7 370 Series Graphics' (P:1 D:1)
[2021.11.04-15.59.33:977][  0]LogWindows:    1. 'AMD Radeon (TM) R7 370 Series Graphics' (P:0 D:0)
[2021.11.04-15.59.33:977][  0]LogWindows:    2. 'AMD Radeon (TM) R7 370 Series Graphics' (P:0 D:0)
[2021.11.04-15.59.33:977][  0]LogWindows:    3. 'AMD Radeon (TM) R7 370 Series Graphics' (P:0 D:0)
[2021.11.04-15.59.33:977][  0]LogWindows:    4. 'AMD Radeon (TM) R7 370 Series Graphics' (P:0 D:0)
[2021.11.04-15.59.33:978][  0]LogWindows:    5. 'AMD Radeon (TM) R7 370 Series Graphics' (P:0 D:0)
[2021.11.04-15.59.33:978][  0]LogWindows:    6. 'AMD Radeon (TM) R7 370 Series Graphics' (P:0 D:0)
[2021.11.04-15.59.33:978][  0]LogWindows:    7. 'AMD Radeon (TM) R7 370 Series Graphics' (P:0 D:0)
[2021.11.04-15.59.33:979][  0]LogWindows: DebugString: FoundDriverCount:8 
[2021.11.04-15.59.33:979][  0]LogD3D11RHI:     Adapter Name: AMD Radeon (TM) R7 370 Series Graphics
[2021.11.04-15.59.33:979][  0]LogD3D11RHI:   Driver Version: Adrenalin 2020 21.4.1 (internal:27.20.21002.112, unified:27.20.21002.112)
[2021.11.04-15.59.33:979][  0]LogD3D11RHI:      Driver Date: 4-13-2021
[2021.11.04-15.59.33:979][  0]LogRHI: Texture pool is 2425 MB (70% of 3464 MB)
[2021.11.04-15.59.34:000][  0]LogD3D11RHI: Creating D3DDevice with AMD AGS, using adapter:
[2021.11.04-15.59.34:000][  0]LogD3D11RHI:     Description : AMD Radeon (TM) R7 370 Series Graphics
[2021.11.04-15.59.34:000][  0]LogD3D11RHI:     VendorId    : 1002
[2021.11.04-15.59.34:000][  0]LogD3D11RHI:     DeviceId    : 6811
[2021.11.04-15.59.34:000][  0]LogD3D11RHI:     SubSysId    : 20151043
[2021.11.04-15.59.34:000][  0]LogD3D11RHI:     Revision    : 0081
[2021.11.04-15.59.34:001][  0]LogD3D11RHI:     DedicatedVideoMemory : 4273709056 bytes
[2021.11.04-15.59.34:001][  0]LogD3D11RHI:     DedicatedSystemMemory : 0 bytes
[2021.11.04-15.59.34:001][  0]LogD3D11RHI:     SharedSystemMemory : 4264521728 bytes
[2021.11.04-15.59.34:001][  0]LogD3D11RHI:     AdapterLuid : 0 48205
[2021.11.04-15.59.34:055][  0]LogD3D11RHI: Created device via AGS, feature level 11_0, supported extensions 1fffffbf.
[2021.11.04-15.59.34:055][  0]LogD3D11RHI: RHI has support for 64 bit atomics
[2021.11.04-15.59.34:055][  0]LogD3D11RHI: Async texture creation enabled
[2021.11.04-15.59.34:055][  0]LogD3D11RHI: Array index from any shader is supported
[2021.11.04-15.59.34:074][  0]LogD3D11RHI: GPU Timing Frequency: 27.000000 (Debug: 2 1)
[2021.11.04-15.59.34:373][  0]LogTargetPlatformManager: Display: Loaded TargetPlatform 'AllDesktop'
[2021.11.04-15.59.34:394][  0]LogTargetPlatformManager: Display: Loaded TargetPlatform 'Android'
[2021.11.04-15.59.34:394][  0]LogTargetPlatformManager: Display: Loaded TargetPlatform 'Android_ASTC'
[2021.11.04-15.59.34:394][  0]LogTargetPlatformManager: Display: Loaded TargetPlatform 'Android_DXT'
[2021.11.04-15.59.34:394][  0]LogTargetPlatformManager: Display: Loaded TargetPlatform 'Android_ETC2'
[2021.11.04-15.59.34:394][  0]LogTargetPlatformManager: Display: Loaded TargetPlatform 'AndroidClient'
[2021.11.04-15.59.34:394][  0]LogTargetPlatformManager: Display: Loaded TargetPlatform 'Android_ASTCClient'
[2021.11.04-15.59.34:394][  0]LogTargetPlatformManager: Display: Loaded TargetPlatform 'Android_DXTClient'
[2021.11.04-15.59.34:394][  0]LogTargetPlatformManager: Display: Loaded TargetPlatform 'Android_ETC2Client'
[2021.11.04-15.59.34:394][  0]LogTargetPlatformManager: Display: Loaded TargetPlatform 'Android_Multi'
[2021.11.04-15.59.34:394][  0]LogTargetPlatformManager: Display: Loaded TargetPlatform 'Android_MultiClient'
[2021.11.04-15.59.34:410][  0]LogTargetPlatformManager: Display: Loaded TargetPlatform 'IOSClient'
[2021.11.04-15.59.34:410][  0]LogTargetPlatformManager: Display: Loaded TargetPlatform 'IOS'
[2021.11.04-15.59.34:418][  0]LogTargetPlatformManager: Display: Loaded TargetPlatform 'Linux'
[2021.11.04-15.59.34:422][  0]LogTargetPlatformManager: Display: Loaded TargetPlatform 'LinuxNoEditor'
[2021.11.04-15.59.34:426][  0]LogTargetPlatformManager: Display: Loaded TargetPlatform 'LinuxClient'
[2021.11.04-15.59.34:430][  0]LogTargetPlatformManager: Display: Loaded TargetPlatform 'LinuxServer'
[2021.11.04-15.59.34:438][  0]LogTargetPlatformManager: Display: Loaded TargetPlatform 'LinuxAArch64NoEditor'
[2021.11.04-15.59.34:442][  0]LogTargetPlatformManager: Display: Loaded TargetPlatform 'LinuxAArch64Client'
[2021.11.04-15.59.34:446][  0]LogTargetPlatformManager: Display: Loaded TargetPlatform 'LinuxAArch64Server'
[2021.11.04-15.59.34:468][  0]LogTargetPlatformManager: Display: Loaded TargetPlatform 'Lumin'
[2021.11.04-15.59.34:468][  0]LogTargetPlatformManager: Display: Loaded TargetPlatform 'LuminClient'
[2021.11.04-15.59.34:475][  0]LogTargetPlatformManager: Display: Loaded TargetPlatform 'MacNoEditor'
[2021.11.04-15.59.34:479][  0]LogTargetPlatformManager: Display: Loaded TargetPlatform 'Mac'
[2021.11.04-15.59.34:483][  0]LogTargetPlatformManager: Display: Loaded TargetPlatform 'MacClient'
[2021.11.04-15.59.34:487][  0]LogTargetPlatformManager: Display: Loaded TargetPlatform 'MacServer'
[2021.11.04-15.59.34:496][  0]LogTargetPlatformManager: Display: Loaded TargetPlatform 'TVOSClient'
[2021.11.04-15.59.34:496][  0]LogTargetPlatformManager: Display: Loaded TargetPlatform 'TVOS'
[2021.11.04-15.59.34:504][  0]LogTargetPlatformManager: Display: Loaded TargetPlatform 'WindowsNoEditor'
[2021.11.04-15.59.34:508][  0]LogTargetPlatformManager: Display: Loaded TargetPlatform 'Windows'
[2021.11.04-15.59.34:512][  0]LogTargetPlatformManager: Display: Loaded TargetPlatform 'WindowsClient'
[2021.11.04-15.59.34:516][  0]LogTargetPlatformManager: Display: Loaded TargetPlatform 'WindowsServer'
[2021.11.04-15.59.34:516][  0]LogTargetPlatformManager: Display: Building Assets For Windows
[2021.11.04-15.59.34:523][  0]LogAudioDebug: Display: Lib vorbis DLL was dynamically loaded.
[2021.11.04-15.59.34:547][  0]LogTextureFormatOodle: Display: Oodle Texture 2.9.0 init RDO Off
[2021.11.04-15.59.34:574][  0]LogRendererCore: Ray tracing is disabled. Reason: r.RayTracing=0.
[2021.11.04-15.59.34:574][  0]LogShaderCompilers: Guid format shader working directory is 2 characters bigger than the processId version (../../../../../Unreal Projects/My2ndProject/Intermediate/Shaders/WorkingDirectory/9920/).
[2021.11.04-15.59.34:574][  0]LogShaderCompilers: Cleaned the shader compiler working directory 'C:/Users/User/AppData/Local/Temp/UnrealShaderWorkingDir/E6008FB74F9B2365FF13D4B01091C909/'.
[2021.11.04-15.59.34:575][  0]LogXGEController: Cannot use XGE Controller as Incredibuild is not installed on this machine.
[2021.11.04-15.59.34:575][  0]LogShaderCompilers: Cannot use XGE Shader Compiler as Incredibuild is not installed on this machine.
[2021.11.04-15.59.34:575][  0]LogShaderCompilers: Display: Using Local Shader Compiler.
[2021.11.04-15.59.35:313][  0]LogDerivedDataCache: Display: Max Cache Size: 512 MB
[2021.11.04-15.59.35:385][  0]LogDerivedDataCache: Loaded boot cache 0.07s 94MB C:/Users/User/AppData/Local/UnrealEngine/4.27/DerivedDataCache/Boot.ddc.
[2021.11.04-15.59.35:385][  0]LogDerivedDataCache: Display: Loaded Boot cache: C:/Users/User/AppData/Local/UnrealEngine/4.27/DerivedDataCache/Boot.ddc
[2021.11.04-15.59.35:385][  0]LogDerivedDataCache: FDerivedDataBackendGraph:  Pak pak cache file ../../../../../Unreal Projects/My2ndProject/DerivedDataCache/DDC.ddp not found, will not use a pak cache.
[2021.11.04-15.59.35:385][  0]LogDerivedDataCache: Unable to find inner node Pak for hierarchical cache Hierarchy.
[2021.11.04-15.59.35:385][  0]LogDerivedDataCache: FDerivedDataBackendGraph:  CompressedPak pak cache file ../../../../../Unreal Projects/My2ndProject/DerivedDataCache/Compressed.ddp not found, will not use a pak cache.
[2021.11.04-15.59.35:385][  0]LogDerivedDataCache: Unable to find inner node CompressedPak for hierarchical cache Hierarchy.
[2021.11.04-15.59.35:401][  0]LogDerivedDataCache: Display: Pak cache opened for reading ../../../Engine/DerivedDataCache/Compressed.ddp.
[2021.11.04-15.59.35:401][  0]LogDerivedDataCache: FDerivedDataBackendGraph:  EnterprisePak pak cache file ../../../Enterprise/DerivedDataCache/Compressed.ddp not found, will not use a pak cache.
[2021.11.04-15.59.35:401][  0]LogDerivedDataCache: Unable to find inner node EnterprisePak for hierarchical cache Hierarchy.
[2021.11.04-15.59.35:406][  0]LogDerivedDataCache: Speed tests for C:/Users/User/AppData/Local/UnrealEngine/Common/DerivedDataCache took 0.01 seconds
[2021.11.04-15.59.35:406][  0]LogDerivedDataCache: Display: Performance to C:/Users/User/AppData/Local/UnrealEngine/Common/DerivedDataCache: Latency=0.02ms. RandomReadSpeed=1408.62MBs, RandomWriteSpeed=213.48MBs. Assigned SpeedClass 'Local'
[2021.11.04-15.59.35:409][  0]LogDerivedDataCache: Using Local data cache path C:/Users/User/AppData/Local/UnrealEngine/Common/DerivedDataCache: Writable
[2021.11.04-15.59.35:409][  0]LogDerivedDataCache: Shared data cache path not found in *engine.ini, will not use an Shared cache.
[2021.11.04-15.59.35:409][  0]LogDerivedDataCache: Unable to find inner node Shared for hierarchical cache Hierarchy.
[2021.11.04-15.59.35:460][  0]LogSlate: Using FreeType 2.10.0
[2021.11.04-15.59.35:461][  0]LogSlate: SlateFontServices - WITH_FREETYPE: 1, WITH_HARFBUZZ: 1
[2021.11.04-15.59.35:483][  0]LogAssetRegistry: FAssetRegistry took 0.0024 seconds to start up
[2021.11.04-15.59.35:713][  0]LogInit: Selected Device Profile: [Windows]
[2021.11.04-15.59.35:713][  0]LogInit: Active device profile: [00000211C9F71500][00000211C6B7E2C0 49] Windows
[2021.11.04-15.59.35:713][  0]LogInit: Profiles: [00000211C9F71500][00000211C6B7E2C0 49] Windows, [00000211C9F70100][00000211C6B86440 49] WindowsNoEditor, [00000211C9EF7E00][00000211C6B82580 49] WindowsServer, [00000211C9EEE400][00000211C6B8A6C0 49] WindowsClient, [00000211C9EF4300][00000211C6B8E800 49] IOS, [00000211C9EEE300][00000211C6B92940 49] iPadAir, [00000211C9EF5B00][00000211BDBD0AC0 49] iPadAir2, [00000211C9E78600][00000211C6B08D80 49] IPadPro, [00000211C9E78700][00000211BDBD4DC0 49] iPadAir3, [00000211C9EF6000][00000211BDBD8F40 49] iPadAir4, [00000211C9E7BF00][00000211BDBE10C0 49] iPadMini2, [00000211C9EF7D00][00000211C6CC1240 49] iPadMini3, [00000211C9E79400][00000211C6CD13C0 49] iPadMini4, [00000211C9EF4100][00000211CBF49540 49] iPadMini5, [00000211C9E57E00][00000211C9B8B800 49] iPhone6, [00000211C9E57F00][00000211CBF4D840 49] iPodTouch6, [00000211C9EEE800][00000211C9BA1B00 49] iPhone7, [00000211C9E7B600][00000211C9B8FB40 49] iPodTouch7, [00000211C9E54700][00000211C9BA4140 49] iPhone5S, [00000211C9E7BC00][00000211C9BA82C0 49] iPhone6Plus, [00000211C9E57100][00000211C9BAC440 49] iPhone6S, [00000211C9E7BD00][00000211CBF505C0 49] iPhone6SPlus, [00000211C9E55000][00000211CBF54740 49] iPhone7Plus, [00000211C9E78F00][00000211BDBCC880 49] iPhoneSE, [00000211C9E56800][00000211C99349C0 49] iPhone8, [00000211C9E79F00][00000211C9938B00 49] iPhone8Plus, [00000211C9E55800][00000211C9940C80 49] iPhoneX, [00000211C9E78200][00000211C9944E00 49] iPhoneXS, [00000211C9E54A00][00000211C995CF80 49] iPhoneXSMax, [00000211C9E79200][00000211C6B5B100 49] iPhoneXR, [00000211C9E56E00][00000211C9969280 49] iPhone11, [00000211C9E79C00][00000211CBF8D400 49] iPhone11Pro, [00000211C9E55400][00000211CBF91580 49] iPhone11ProMax, [00000211C9E7B400][00000211CBF95700 49] iPhoneSE2, [00000211C9E57D00][00000211CBF9D880 49] iPhone12Mini, [00000211C9E79500][00000211CBFA1A00 49] iPhone12, [00000211C9E56100][00000211CBFA5B80 49] iPhone12Pro, [00000211C9E79800][00000211CBFAC180 49] iPhone12ProMax, [00000211C9E54900][00000211CBFB0300 49] iPadPro105, [00000211C9E78300][00000211CBFB4480 49] iPadPro129, [00000211C9E55700][00000211CBFB8600 49] iPadPro97, [00000211C9E7BB00][00000211CBFBC780 49] iPadPro2_129, [00000211C9E56F00][00000211C6C7E900 49] iPad5, [00000211C9E7BA00][00000211C993CA40 49] iPad6, [00000211C9E56200][00000211C6C82B80 49] iPad7, [00000211C9E7A800][00000211C6B6ACC0 49] iPad8, [00000211C9E54500][00000211C6B72E40 49] iPadPro11, [00000211C9E79600][00000211C6B76FC0 49] iPadPro2_11, [00000211C9E57B00][00000211C6B7B140 49] iPadPro3_129, [00000211C9E79000][00000211C6C9D2C0 49] iPadPro4_129, [00000211C9E56400][00000211C6CA1440 49] AppleTV, [00000211C9E7BE00][00000211BDBDD5C0 49] AppleTV4K, [00000211C9E54200][00000211C7759740 49] TVOS, [00000211C9E7AF00][00000211C775D8C0 49] Mac, [00000211C9E56A00][00000211CBFA9A40 49] MacClient, [00000211C9E7B800][00000211CBF99BC0 49] MacNoEditor, [00000211C9E57A00][00000211C6CA41C0 49] MacServer, [00000211C9E78C00][00000211C6CA8340 49] Linux, [00000211C9E57800][00000211C6CAC4C0 49] LinuxAArch64, [00000211C9E7B900][00000211C6CB0640 49] LinuxNoEditor, [00000211C9E56900][00000211C6CB47C0 49] LinuxAArch64NoEditor, [00000211C9E7B200][00000211C6CB8940 49] LinuxClient, [00000211C9E57700][00000211C6CBCAC0 49] LinuxAArch64Client, [00000211C9E79A00][00000211C6B6EC00 49] LinuxServer, [00000211C9E54C00][00000211CC39CD40 49] LinuxAArch64Server, [00000211C9E7A600][00000211CC3A0E80 49] Android, [00000211C9E54300][00000211CC3A4FC0 49] Android_Low, [00000211C9F70600][00000211CC3AD140 49] Android_Mid, [00000211C9EEFC00][00000211CC3B12C0 49] Android_High, [00000211C9F70200][00000211CC3B5440 49] Android_Default, [00000211C9EEEA00][00000211CC3B95C0 49] Android_Adreno4xx, [00000211C9F71C00][00000211CC3BD740 49] Android_Adreno5xx_Low, [00000211C9EED800][00000211CC3C18C0 49] Android_Adreno5xx, [00000211C9F72600][00000211CC3C5A40 49] Android_Adreno6xx, [00000211C9EEDA00][00000211CC3C9BC0 49] Android_Adreno6xx_Vulkan, [00000211C9F71700][00000211CC3CC1C0 49] Android_Mali_T6xx, [00000211C9EED400][00000211CBC54340 49] Android_Mali_T7xx, [00000211C9F71600][00000211CBC584C0 49] Android_Mali_T8xx, [00000211C9EEE100][00000211CBC5C640 49] Android_Mali_G71, [00000211C9F72800][00000211CBC607C0 49] Android_Mali_G72, [00000211C9EECA00][00000211CBC64940 49] Android_Mali_G72_Vulkan, [00000211C9F71F00][00000211CBC68AC0 49] Android_Mali_G76, [00000211C9EEF600][00000211CBC6CC40 49] Android_Mali_G76_Vulkan, [00000211C9F73100][00000211CC3A8D80 49] Android_Mali_G77, [00000211C9EED600][00000211CBC70EC0 49] Android_Mali_G77_Vulkan, [00000211C9F72F00][00000211CBC75000 49] Android_Mali_G78, [00000211C9EEC500][00000211CBC79140 49] Android_Mali_G78_Vulkan, [00000211C9F73300][00000211CBC812C0 49] Android_Mali_G710, [00000211C9EED300][00000211CBC85440 49] Android_Mali_G710_Vulkan, [00000211C9F71100][00000211CBC895C0 49] Android_Vulkan_SM5, [00000211C9EEF800][00000211CBC8D740 49] Android_PowerVR_G6xxx, [00000211C9F72300][00000211C99098C0 49] Android_PowerVR_GT7xxx, [00000211C9EEC400][00000211C990DA40 49] Android_PowerVR_GE8xxx, [00000211C9F73200][00000211C9911BC0 49] Android_PowerVR_GM9xxx, [00000211C9E78B00][00000211C99141C0 49] Android_PowerVR_GM9xxx_Vulkan, [00000211C9F72700][00000211C9918340 49] Android_TegraK1, [00000211C9E7A000][00000211C991C4C0 49] Android_Unknown_Vulkan, [00000211C9F70D00][00000211C9920640 49] Lumin, [00000211C9E7A700][00000211C99247C0 49] Lumin_Desktop, [00000211C9F72E00][00000211C6ACC940 49] HoloLens, 
[2021.11.04-15.59.35:842][  0]LogMeshReduction: Using QuadricMeshReduction for automatic static mesh reduction
[2021.11.04-15.59.35:842][  0]LogMeshReduction: Using SimplygonMeshReduction for automatic skeletal mesh reduction
[2021.11.04-15.59.35:842][  0]LogMeshReduction: Using ProxyLODMeshReduction for automatic mesh merging
[2021.11.04-15.59.35:842][  0]LogMeshReduction: No distributed automatic mesh merging module available
[2021.11.04-15.59.35:842][  0]LogMeshMerging: No distributed automatic mesh merging module available
[2021.11.04-15.59.35:855][  0]LogNetVersion: My2ndProject 1.0.0, NetCL: 17155196, EngineNetVer: 17, GameNetVer: 0 (Checksum: 1460278339)
[2021.11.04-15.59.36:213][  0]LogTexture: Default maximum texture size for cubemaps generated from long-lat sources has been changed from 512 to unlimited. In order to preserve old behaiour for '/Engine/MapTemplates/Sky/DaylightAmbientCubemap.DaylightAmbientCubemap', its maximum texture size has been explicitly set to 512.
[2021.11.04-15.59.36:274][  0]LogHMD: PokeAHoleMaterial loaded successfully
[2021.11.04-15.59.36:280][  0]LogUObjectArray: 17178 objects as part of root set at end of initial load.
[2021.11.04-15.59.36:280][  0]LogUObjectAllocator: 4301856 out of 0 bytes used by permanent object pool.
[2021.11.04-15.59.36:280][  0]LogUObjectArray: CloseDisregardForGC: 0/0 objects in disregard for GC pool
[2021.11.04-15.59.36:518][  0]LogNiagaraDebuggerClient: Niagara Debugger Client Initialized | Session: 7C4123B94D218B7A7108FEAFB2937D10 | Instance: 907989E043AA7924EBA894A9F0F7F92E (DESKTOP-QHAS8SD-9920).
[2021.11.04-15.59.36:630][  0]LogImageWrapper: Warning: PNG Warning: Duplicate iCCP chunk
[2021.11.04-15.59.36:630][  0]LogImageWrapper: Warning: PNG Warning: Duplicate iCCP chunk
[2021.11.04-15.59.36:630][  0]LogPython: Using Python 3.7.7
[2021.11.04-15.59.37:183][  0]LogTcpMessaging: Initializing TcpMessaging bridge
[2021.11.04-15.59.37:187][  0]LogUdpMessaging: Initializing bridge on interface 0.0.0.0:0 to multicast group 230.0.0.1:6666.
[2021.11.04-15.59.37:313][  0]SourceControl: Source control is disabled
[2021.11.04-15.59.37:313][  0]SourceControl: Source control is disabled
[2021.11.04-15.59.37:316][  0]SourceControl: Source control is disabled
[2021.11.04-15.59.37:318][  0]SourceControl: Source control is disabled
[2021.11.04-15.59.37:326][  0]SourceControl: Source control is disabled
[2021.11.04-15.59.37:347][  0]LogUProjectInfo: Found projects:
[2021.11.04-15.59.37:353][  0]LogVSAccessor: Display: Unable to create Visual Studio setup instance: 80040154
[2021.11.04-15.59.37:353][  0]LogVSAccessor: Display: Unable to create Visual Studio setup instance: 80040154
[2021.11.04-15.59.37:353][  0]LogVSAccessor: Display: Unable to create Visual Studio setup instance: 80040154
[2021.11.04-15.59.37:527][  0]LogOpenImageDenoise: OIDN starting up
[2021.11.04-15.59.37:552][  0]LogAndroidPermission: UAndroidPermissionCallbackProxy::GetInstance
[2021.11.04-15.59.37:572][  0]LogAudioCaptureCore: Display: No Audio Capture implementations found. Audio input will be silent.
[2021.11.04-15.59.37:572][  0]LogAudioCaptureCore: Display: No Audio Capture implementations found. Audio input will be silent.
[2021.11.04-15.59.37:685][  0]LogCollectionManager: Loaded 0 collections in 0.001573 seconds
[2021.11.04-15.59.37:705][  0]LogFileCache: Scanning file cache for directory 'D:/Unreal Projects/My2ndProject/Saved/Collections/' took 0.00s
[2021.11.04-15.59.37:705][  0]LogFileCache: Scanning file cache for directory 'D:/Unreal Projects/My2ndProject/Content/Developers/User/Collections/' took 0.00s
[2021.11.04-15.59.37:705][  0]LogFileCache: Scanning file cache for directory 'D:/Unreal Projects/My2ndProject/Content/Collections/' took 0.00s
[2021.11.04-15.59.37:705][  0]LogOcInput: OculusInput pre-init called
[2021.11.04-15.59.37:933][  0]LogImageWrapper: Warning: PNG Warning: Duplicate iCCP chunk
[2021.11.04-15.59.37:933][  0]LogImageWrapper: Warning: PNG Warning: Duplicate iCCP chunk
[2021.11.04-15.59.37:933][  0]LogEngine: Initializing Engine...
[2021.11.04-15.59.37:972][  0]LogHMD: Failed to enumerate extensions. Please check that you have a valid OpenXR runtime installed.
[2021.11.04-15.59.37:972][  0]LogHMD: Failed to initialize OpenVR with code 110
[2021.11.04-15.59.37:972][  0]LogMagicLeap: Warning: VR disabled because ZI is not enabled.  To enable, in the editor, Edit -> Project Settings -> Plugins -> Magic Leap Plugin -> Enable Zero Iteration
[2021.11.04-15.59.37:973][  0]LogStats: UGameplayTagsManager::InitializeManager -  0.000 s
[2021.11.04-15.59.38:114][  0]LogInit: Initializing FReadOnlyCVARCache
[2021.11.04-15.59.38:121][  0]LogAIModule: Creating AISystem for world Untitled
[2021.11.04-15.59.38:131][  0]LogAudio: Display: Initializing Audio Device Manager...
[2021.11.04-15.59.38:135][  0]LogAudio: Display: Loading Default Audio Settings Objects...
[2021.11.04-15.59.38:136][  0]LogAudio: Display: No default SoundConcurrencyObject specified (or failed to load).
[2021.11.04-15.59.38:136][  0]LogAudio: Display: Audio Device Manager Initialized
[2021.11.04-15.59.38:136][  0]LogAudio: Display: Creating Audio Device:                 Id: 1, Scope: Shared, Realtime: True
[2021.11.04-15.59.38:136][  0]LogAudioMixer: Display: Audio Mixer Platform Settings:
[2021.11.04-15.59.38:136][  0]LogAudioMixer: Display: 	Sample Rate:						  48000
[2021.11.04-15.59.38:136][  0]LogAudioMixer: Display: 	Callback Buffer Frame Size Requested: 1024
[2021.11.04-15.59.38:136][  0]LogAudioMixer: Display: 	Callback Buffer Frame Size To Use:	  1024
[2021.11.04-15.59.38:136][  0]LogAudioMixer: Display: 	Number of buffers to queue:			  2
[2021.11.04-15.59.38:136][  0]LogAudioMixer: Display: 	Max Channels (voices):				  32
[2021.11.04-15.59.38:136][  0]LogAudioMixer: Display: 	Number of Async Source Workers:		  0
[2021.11.04-15.59.38:136][  0]LogAudio: Display: AudioDevice MaxSources: 32
[2021.11.04-15.59.38:137][  0]LogAudio: Display: Audio Spatialization Plugin: None (built-in).
[2021.11.04-15.59.38:137][  0]LogAudio: Display: Audio Reverb Plugin: None (built-in).
[2021.11.04-15.59.38:137][  0]LogAudio: Display: Audio Occlusion Plugin: None (built-in).
[2021.11.04-15.59.38:137][  0]LogAudioMixer: Display: Initializing audio mixer.
[2021.11.04-15.59.38:149][  0]LogAudioMixer: Display: 0: FrontLeft
[2021.11.04-15.59.38:149][  0]LogAudioMixer: Display: 1: FrontRight
[2021.11.04-15.59.38:179][  0]LogAudioMixer: Display: Using Audio Device SPDIF-Out (Sound Blaster Z)
[2021.11.04-15.59.38:182][  0]LogAudioMixer: Display: Initializing Sound Submixes...
[2021.11.04-15.59.38:185][  0]LogAudioMixer: Display: Creating Master Submix 'MasterSubmixDefault'
[2021.11.04-15.59.38:185][  0]LogAudioMixer: Display: Creating Master Submix 'MasterReverbSubmixDefault'
[2021.11.04-15.59.38:186][  0]LogAudioMixer: Display: Creating Master Submix 'MasterEQSubmixDefault'
[2021.11.04-15.59.38:186][  0]LogAudioMixer: FMixerPlatformXAudio2::StartAudioStream() called
[2021.11.04-15.59.38:186][  0]LogAudioMixer: Display: Output buffers initialized: Frames=1024, Channels=2, Samples=2048
[2021.11.04-15.59.38:187][  0]LogAudioMixer: Display: Starting AudioMixerPlatformInterface::RunInternal()
[2021.11.04-15.59.38:187][  0]LogAudioMixer: Display: FMixerPlatformXAudio2::SubmitBuffer() called for the first time
[2021.11.04-15.59.38:187][  0]LogInit: FAudioDevice initialized.
[2021.11.04-15.59.38:188][  0]LogAudio: Display: Audio Device (ID: 1) registered with world 'Untitled'.
[2021.11.04-15.59.38:188][  0]LogNetVersion: Set ProjectVersion to 1.0.0.0. Version Checksum will be recalculated on next use.
[2021.11.04-15.59.38:305][  0]LogDerivedDataCache: Saved boot cache 0.12s 94MB C:/Users/User/AppData/Local/UnrealEngine/4.27/DerivedDataCache/Boot.ddc.
[2021.11.04-15.59.38:306][  0]LogInit: Texture streaming: Enabled
[2021.11.04-15.59.38:317][  0]LogAnalytics: Display: [UEEditor.Rocket.Release] APIServer = https://datarouter.ol.epicgames.com/. AppVersion = 4.27.1-17735300+++UE4+Release-4.27
[2021.11.04-15.59.38:321][  0]LogEngineSessionManager: EngineSessionManager initialized
[2021.11.04-15.59.38:321][  0]LogEditorSessionSummary: Verbose: Initializing EditorSessionSummaryWriter for editor session tracking
[2021.11.04-15.59.38:323][  0]LogEditorSessionSummary: EditorSessionSummaryWriter initialized
[2021.11.04-15.59.38:343][  0]LogInit: Transaction tracking system initialized
[2021.11.04-15.59.38:360][  0]BlueprintLog: New page: Editor Load
[2021.11.04-15.59.38:413][  0]LocalizationService: Localization service is disabled
[2021.11.04-15.59.38:437][  0]TimingProfiler: Initialize
[2021.11.04-15.59.38:438][  0]TimingProfiler: OnSessionChanged
[2021.11.04-15.59.38:438][  0]LoadingProfiler: Initialize
[2021.11.04-15.59.38:438][  0]LoadingProfiler: OnSessionChanged
[2021.11.04-15.59.38:438][  0]NetworkingProfiler: Initialize
[2021.11.04-15.59.38:438][  0]NetworkingProfiler: OnSessionChanged
[2021.11.04-15.59.38:438][  0]MemoryProfiler: Initialize
[2021.11.04-15.59.38:438][  0]MemoryProfiler: OnSessionChanged
[2021.11.04-15.59.38:487][  0]LogVSAccessor: Display: Unable to create Visual Studio setup instance: 80040154
[2021.11.04-15.59.38:488][  0]LogVSAccessor: Display: Unable to create Visual Studio setup instance: 80040154
[2021.11.04-15.59.38:488][  0]LogVSAccessor: Display: Unable to create Visual Studio setup instance: 80040154
[2021.11.04-15.59.38:567][  0]LogCook: Display: CookSettings for Memory: MemoryMaxUsedVirtual 0MiB, MemoryMaxUsedPhysical 16384MiB, MemoryMinFreeVirtual 0MiB, MemoryMinFreePhysical 1024MiB
[2021.11.04-15.59.38:567][  0]LogCook: Display: Mobile HDR setting 1
[2021.11.04-15.59.38:572][  0]LogFileCache: Scanning file cache for directory 'D:/Unreal Projects/My2ndProject/Content/' took 0.01s
[2021.11.04-15.59.38:921][  0]LogImageWrapper: Warning: PNG Warning: Duplicate iCCP chunk
[2021.11.04-15.59.38:921][  0]LogImageWrapper: Warning: PNG Warning: Duplicate iCCP chunk
[2021.11.04-15.59.38:921][  0]LogInit: Display: Engine is initialized. Leaving FEngineLoop::Init()
[2021.11.04-15.59.38:924][  0]SourceControl: Source control is disabled
[2021.11.04-15.59.38:924][  0]LogUnrealEdMisc: Loading editor; pre map load, took 6.159
[2021.11.04-15.59.38:924][  0]Cmd: MAP LOAD FILE="../../../../../Unreal Projects/My2ndProject/Content/StarterContent/Maps/Minimal_Default.umap" TEMPLATE=0 SHOWPROGRESS=1 FEATURELEVEL=3
[2021.11.04-15.59.38:930][  0]LightingResults: New page: Lighting Build
[2021.11.04-15.59.38:932][  0]LogWorld: UWorld::CleanupWorld for Untitled, bSessionEnded=true, bCleanupResources=true
[2021.11.04-15.59.38:932][  0]LogSlate: InvalidateAllWidgets triggered.  All widgets were invalidated
[2021.11.04-15.59.38:932][  0]MapCheck: New page: Map Check
[2021.11.04-15.59.38:932][  0]LightingResults: New page: Lighting Build
[2021.11.04-15.59.38:936][  0]LogAudio: Display: Audio Device unregistered from world 'None'.
[2021.11.04-15.59.38:939][  0]LogUObjectHash: Compacting FUObjectHashTables data took   0.92ms
[2021.11.04-15.59.39:186][  0]LogStaticMesh: Building static mesh Floor_400x400...
[2021.11.04-15.59.39:193][  0]LogStaticMesh: Built static mesh [0.01s] /Game/StarterContent/Architecture/Floor_400x400.Floor_400x400
[2021.11.04-15.59.39:262][  0]LogTexture: Display: Building textures: DeprecatedTextureD6C57B644F03DADF4F2699848FAEA3C3 (BGRA8, 128X128)
[2021.11.04-15.59.39:268][  0]LogTexture: Display: Building textures: DeprecatedTexture8D91C9AE4C6B8D628CDA3C848426284A (BGRA8, 128X128)
[2021.11.04-15.59.39:280][  0]LogAudio: Display: Audio Device (ID: 1) registered with world 'Minimal_Default'.
[2021.11.04-15.59.39:281][  0]LogAIModule: Creating AISystem for world Minimal_Default
[2021.11.04-15.59.39:294][  0]LogEditorServer: Finished looking for orphan Actors (0.000 secs)
[2021.11.04-15.59.39:302][  0]LogUObjectHash: Compacting FUObjectHashTables data took   0.88ms
[2021.11.04-15.59.39:303][  0]Cmd: MAP CHECKDEP NOCLEARLOG
[2021.11.04-15.59.39:303][  0]MapCheck: Map check complete: 0 Error(s), 0 Warning(s), took 0,105ms to complete.
[2021.11.04-15.59.39:303][  0]LogFileHelpers: Loading map 'Minimal_Default' took 0.378
[2021.11.04-15.59.39:305][  0]LogUnrealEdMisc: Total Editor Startup Time, took 6.539
[2021.11.04-15.59.39:501][  0]LogSlate: Updating window title bar state: overlay mode, drag disabled, window buttons hidden, title bar hidden
[2021.11.04-15.59.39:509][  0]LogSlate: Updating window title bar state: overlay mode, drag disabled, window buttons hidden, title bar hidden
[2021.11.04-15.59.39:515][  0]LogSlate: Updating window title bar state: overlay mode, drag disabled, window buttons hidden, title bar hidden
[2021.11.04-15.59.39:520][  0]LogSlate: Updating window title bar state: overlay mode, drag disabled, window buttons hidden, title bar hidden
[2021.11.04-15.59.39:566][  0]LogNativeClassHierarchy: Verbose: Native class hierarchy populated in 0.0093 seconds. Added 3822 classes and 928 folders.
[2021.11.04-15.59.39:577][  0]LogNativeClassHierarchy: Verbose: Native class hierarchy updated for 'WidgetCarousel' in 0.0003 seconds. Added 0 classes and 0 folders.
[2021.11.04-15.59.39:601][  0]LogPakFile: PakFile PrimaryIndexSize=187
[2021.11.04-15.59.39:601][  0]LogPakFile: PakFile PathHashIndexSize=101
[2021.11.04-15.59.39:601][  0]LogPakFile: PakFile FullDirectoryIndexSize=148
[2021.11.04-15.59.39:602][  0]LogShaderLibrary: Display: ShaderCodeLibraryPakFileMountedCallback: PakFile 'D:/Epic Games/UE_4.27/FeaturePacks/FP_FirstPerson.upack' (chunk index -1, root 'root:/') mounted
[2021.11.04-15.59.39:602][  0]LogShaderLibrary: Display: ShaderCodeLibraryPakFileMountedCallback: pending pak file info (ChunkID:-1 Root:root:/ File:D:/Epic Games/UE_4.27/FeaturePacks/FP_FirstPerson.upack)
[2021.11.04-15.59.39:602][  0]LogPakFile: OnPakFileMounted2Time == 0.001449
[2021.11.04-15.59.39:612][  0]LogPakFile: PakFile PrimaryIndexSize=189
[2021.11.04-15.59.39:612][  0]LogPakFile: PakFile PathHashIndexSize=101
[2021.11.04-15.59.39:612][  0]LogPakFile: PakFile FullDirectoryIndexSize=152
[2021.11.04-15.59.39:612][  0]LogShaderLibrary: Display: ShaderCodeLibraryPakFileMountedCallback: PakFile 'D:/Epic Games/UE_4.27/FeaturePacks/FP_FirstPersonBP.upack' (chunk index -1, root 'root:/') mounted
[2021.11.04-15.59.39:612][  0]LogShaderLibrary: Display: ShaderCodeLibraryPakFileMountedCallback: pending pak file info (ChunkID:-1 Root:root:/ File:D:/Epic Games/UE_4.27/FeaturePacks/FP_FirstPersonBP.upack)
[2021.11.04-15.59.39:612][  0]LogPakFile: OnPakFileMounted2Time == 0.000044
[2021.11.04-15.59.39:618][  0]LogPakFile: PakFile PrimaryIndexSize=191
[2021.11.04-15.59.39:618][  0]LogPakFile: PakFile PathHashIndexSize=101
[2021.11.04-15.59.39:618][  0]LogPakFile: PakFile FullDirectoryIndexSize=160
[2021.11.04-15.59.39:618][  0]LogShaderLibrary: Display: ShaderCodeLibraryPakFileMountedCallback: PakFile 'D:/Epic Games/UE_4.27/FeaturePacks/MobileStarterContent.upack' (chunk index -1, root 'root:/') mounted
[2021.11.04-15.59.39:618][  0]LogShaderLibrary: Display: ShaderCodeLibraryPakFileMountedCallback: pending pak file info (ChunkID:-1 Root:root:/ File:D:/Epic Games/UE_4.27/FeaturePacks/MobileStarterContent.upack)
[2021.11.04-15.59.39:618][  0]LogPakFile: OnPakFileMounted2Time == 0.000039
[2021.11.04-15.59.39:624][  0]LogPakFile: PakFile PrimaryIndexSize=185
[2021.11.04-15.59.39:624][  0]LogPakFile: PakFile PathHashIndexSize=101
[2021.11.04-15.59.39:624][  0]LogPakFile: PakFile FullDirectoryIndexSize=148
[2021.11.04-15.59.39:624][  0]LogShaderLibrary: Display: ShaderCodeLibraryPakFileMountedCallback: PakFile 'D:/Epic Games/UE_4.27/FeaturePacks/StarterContent.upack' (chunk index -1, root 'root:/') mounted
[2021.11.04-15.59.39:625][  0]LogShaderLibrary: Display: ShaderCodeLibraryPakFileMountedCallback: pending pak file info (ChunkID:-1 Root:root:/ File:D:/Epic Games/UE_4.27/FeaturePacks/StarterContent.upack)
[2021.11.04-15.59.39:625][  0]LogPakFile: OnPakFileMounted2Time == 0.000062
[2021.11.04-15.59.39:631][  0]LogPakFile: PakFile PrimaryIndexSize=190
[2021.11.04-15.59.39:631][  0]LogPakFile: PakFile PathHashIndexSize=101
[2021.11.04-15.59.39:631][  0]LogPakFile: PakFile FullDirectoryIndexSize=154
[2021.11.04-15.59.39:631][  0]LogShaderLibrary: Display: ShaderCodeLibraryPakFileMountedCallback: PakFile 'D:/Epic Games/UE_4.27/FeaturePacks/TP_2DSideScroller.upack' (chunk index -1, root 'root:/') mounted
[2021.11.04-15.59.39:631][  0]LogShaderLibrary: Display: ShaderCodeLibraryPakFileMountedCallback: pending pak file info (ChunkID:-1 Root:root:/ File:D:/Epic Games/UE_4.27/FeaturePacks/TP_2DSideScroller.upack)
[2021.11.04-15.59.39:631][  0]LogPakFile: OnPakFileMounted2Time == 0.000042
[2021.11.04-15.59.39:636][  0]LogPakFile: PakFile PrimaryIndexSize=192
[2021.11.04-15.59.39:636][  0]LogPakFile: PakFile PathHashIndexSize=101
[2021.11.04-15.59.39:636][  0]LogPakFile: PakFile FullDirectoryIndexSize=158
[2021.11.04-15.59.39:636][  0]LogShaderLibrary: Display: ShaderCodeLibraryPakFileMountedCallback: PakFile 'D:/Epic Games/UE_4.27/FeaturePacks/TP_2DSideScrollerBP.upack' (chunk index -1, root 'root:/') mounted
[2021.11.04-15.59.39:636][  0]LogShaderLibrary: Display: ShaderCodeLibraryPakFileMountedCallback: pending pak file info (ChunkID:-1 Root:root:/ File:D:/Epic Games/UE_4.27/FeaturePacks/TP_2DSideScrollerBP.upack)
[2021.11.04-15.59.39:636][  0]LogPakFile: OnPakFileMounted2Time == 0.000034
[2021.11.04-15.59.39:641][  0]LogPakFile: PakFile PrimaryIndexSize=182
[2021.11.04-15.59.39:641][  0]LogPakFile: PakFile PathHashIndexSize=101
[2021.11.04-15.59.39:642][  0]LogPakFile: PakFile FullDirectoryIndexSize=138
[2021.11.04-15.59.39:642][  0]LogShaderLibrary: Display: ShaderCodeLibraryPakFileMountedCallback: PakFile 'D:/Epic Games/UE_4.27/FeaturePacks/TP_Flying.upack' (chunk index -1, root 'root:/') mounted
[2021.11.04-15.59.39:642][  0]LogShaderLibrary: Display: ShaderCodeLibraryPakFileMountedCallback: pending pak file info (ChunkID:-1 Root:root:/ File:D:/Epic Games/UE_4.27/FeaturePacks/TP_Flying.upack)
[2021.11.04-15.59.39:642][  0]LogPakFile: OnPakFileMounted2Time == 0.000038
[2021.11.04-15.59.39:648][  0]LogPakFile: PakFile PrimaryIndexSize=184
[2021.11.04-15.59.39:648][  0]LogPakFile: PakFile PathHashIndexSize=101
[2021.11.04-15.59.39:648][  0]LogPakFile: PakFile FullDirectoryIndexSize=142
[2021.11.04-15.59.39:648][  0]LogShaderLibrary: Display: ShaderCodeLibraryPakFileMountedCallback: PakFile 'D:/Epic Games/UE_4.27/FeaturePacks/TP_FlyingBP.upack' (chunk index -1, root 'root:/') mounted
[2021.11.04-15.59.39:648][  0]LogShaderLibrary: Display: ShaderCodeLibraryPakFileMountedCallback: pending pak file info (ChunkID:-1 Root:root:/ File:D:/Epic Games/UE_4.27/FeaturePacks/TP_FlyingBP.upack)
[2021.11.04-15.59.39:648][  0]LogPakFile: OnPakFileMounted2Time == 0.000035
[2021.11.04-15.59.39:654][  0]LogPakFile: PakFile PrimaryIndexSize=188
[2021.11.04-15.59.39:654][  0]LogPakFile: PakFile PathHashIndexSize=101
[2021.11.04-15.59.39:654][  0]LogPakFile: PakFile FullDirectoryIndexSize=150
[2021.11.04-15.59.39:654][  0]LogShaderLibrary: Display: ShaderCodeLibraryPakFileMountedCallback: PakFile 'D:/Epic Games/UE_4.27/FeaturePacks/TP_HandheldARBP.upack' (chunk index -1, root 'root:/') mounted
[2021.11.04-15.59.39:654][  0]LogShaderLibrary: Display: ShaderCodeLibraryPakFileMountedCallback: pending pak file info (ChunkID:-1 Root:root:/ File:D:/Epic Games/UE_4.27/FeaturePacks/TP_HandheldARBP.upack)
[2021.11.04-15.59.39:654][  0]LogPakFile: OnPakFileMounted2Time == 0.000035
[2021.11.04-15.59.39:661][  0]LogPakFile: PakFile PrimaryIndexSize=182
[2021.11.04-15.59.39:661][  0]LogPakFile: PakFile PathHashIndexSize=101
[2021.11.04-15.59.39:661][  0]LogPakFile: PakFile FullDirectoryIndexSize=138
[2021.11.04-15.59.39:661][  0]LogShaderLibrary: Display: ShaderCodeLibraryPakFileMountedCallback: PakFile 'D:/Epic Games/UE_4.27/FeaturePacks/TP_Puzzle.upack' (chunk index -1, root 'root:/') mounted
[2021.11.04-15.59.39:661][  0]LogShaderLibrary: Display: ShaderCodeLibraryPakFileMountedCallback: pending pak file info (ChunkID:-1 Root:root:/ File:D:/Epic Games/UE_4.27/FeaturePacks/TP_Puzzle.upack)
[2021.11.04-15.59.39:661][  0]LogPakFile: OnPakFileMounted2Time == 0.000039
[2021.11.04-15.59.39:665][  0]LogPakFile: PakFile PrimaryIndexSize=184
[2021.11.04-15.59.39:665][  0]LogPakFile: PakFile PathHashIndexSize=101
[2021.11.04-15.59.39:665][  0]LogPakFile: PakFile FullDirectoryIndexSize=142
[2021.11.04-15.59.39:665][  0]LogShaderLibrary: Display: ShaderCodeLibraryPakFileMountedCallback: PakFile 'D:/Epic Games/UE_4.27/FeaturePacks/TP_PuzzleBP.upack' (chunk index -1, root 'root:/') mounted
[2021.11.04-15.59.39:665][  0]LogShaderLibrary: Display: ShaderCodeLibraryPakFileMountedCallback: pending pak file info (ChunkID:-1 Root:root:/ File:D:/Epic Games/UE_4.27/FeaturePacks/TP_PuzzleBP.upack)
[2021.11.04-15.59.39:665][  0]LogPakFile: OnPakFileMounted2Time == 0.000036
[2021.11.04-15.59.39:671][  0]LogPakFile: PakFile PrimaryIndexSize=183
[2021.11.04-15.59.39:671][  0]LogPakFile: PakFile PathHashIndexSize=101
[2021.11.04-15.59.39:671][  0]LogPakFile: PakFile FullDirectoryIndexSize=140
[2021.11.04-15.59.39:671][  0]LogShaderLibrary: Display: ShaderCodeLibraryPakFileMountedCallback: PakFile 'D:/Epic Games/UE_4.27/FeaturePacks/TP_Rolling.upack' (chunk index -1, root 'root:/') mounted
[2021.11.04-15.59.39:671][  0]LogShaderLibrary: Display: ShaderCodeLibraryPakFileMountedCallback: pending pak file info (ChunkID:-1 Root:root:/ File:D:/Epic Games/UE_4.27/FeaturePacks/TP_Rolling.upack)
[2021.11.04-15.59.39:671][  0]LogPakFile: OnPakFileMounted2Time == 0.000039
[2021.11.04-15.59.39:676][  0]LogPakFile: PakFile PrimaryIndexSize=185
[2021.11.04-15.59.39:676][  0]LogPakFile: PakFile PathHashIndexSize=101
[2021.11.04-15.59.39:676][  0]LogPakFile: PakFile FullDirectoryIndexSize=144
[2021.11.04-15.59.39:676][  0]LogShaderLibrary: Display: ShaderCodeLibraryPakFileMountedCallback: PakFile 'D:/Epic Games/UE_4.27/FeaturePacks/TP_RollingBP.upack' (chunk index -1, root 'root:/') mounted
[2021.11.04-15.59.39:676][  0]LogShaderLibrary: Display: ShaderCodeLibraryPakFileMountedCallback: pending pak file info (ChunkID:-1 Root:root:/ File:D:/Epic Games/UE_4.27/FeaturePacks/TP_RollingBP.upack)
[2021.11.04-15.59.39:676][  0]LogPakFile: OnPakFileMounted2Time == 0.000037
[2021.11.04-15.59.39:681][  0]LogPakFile: PakFile PrimaryIndexSize=188
[2021.11.04-15.59.39:681][  0]LogPakFile: PakFile PathHashIndexSize=101
[2021.11.04-15.59.39:681][  0]LogPakFile: PakFile FullDirectoryIndexSize=150
[2021.11.04-15.59.39:681][  0]LogShaderLibrary: Display: ShaderCodeLibraryPakFileMountedCallback: PakFile 'D:/Epic Games/UE_4.27/FeaturePacks/TP_SideScroller.upack' (chunk index -1, root 'root:/') mounted
[2021.11.04-15.59.39:681][  0]LogShaderLibrary: Display: ShaderCodeLibraryPakFileMountedCallback: pending pak file info (ChunkID:-1 Root:root:/ File:D:/Epic Games/UE_4.27/FeaturePacks/TP_SideScroller.upack)
[2021.11.04-15.59.39:681][  0]LogPakFile: OnPakFileMounted2Time == 0.000038
[2021.11.04-15.59.39:686][  0]LogPakFile: PakFile PrimaryIndexSize=190
[2021.11.04-15.59.39:686][  0]LogPakFile: PakFile PathHashIndexSize=101
[2021.11.04-15.59.39:686][  0]LogPakFile: PakFile FullDirectoryIndexSize=154
[2021.11.04-15.59.39:686][  0]LogShaderLibrary: Display: ShaderCodeLibraryPakFileMountedCallback: PakFile 'D:/Epic Games/UE_4.27/FeaturePacks/TP_SideScrollerBP.upack' (chunk index -1, root 'root:/') mounted
[2021.11.04-15.59.39:686][  0]LogShaderLibrary: Display: ShaderCodeLibraryPakFileMountedCallback: pending pak file info (ChunkID:-1 Root:root:/ File:D:/Epic Games/UE_4.27/FeaturePacks/TP_SideScrollerBP.upack)
[2021.11.04-15.59.39:686][  0]LogPakFile: OnPakFileMounted2Time == 0.000037
[2021.11.04-15.59.39:691][  0]LogPakFile: PakFile PrimaryIndexSize=187
[2021.11.04-15.59.39:691][  0]LogPakFile: PakFile PathHashIndexSize=101
[2021.11.04-15.59.39:691][  0]LogPakFile: PakFile FullDirectoryIndexSize=148
[2021.11.04-15.59.39:691][  0]LogShaderLibrary: Display: ShaderCodeLibraryPakFileMountedCallback: PakFile 'D:/Epic Games/UE_4.27/FeaturePacks/TP_ThirdPerson.upack' (chunk index -1, root 'root:/') mounted
[2021.11.04-15.59.39:691][  0]LogShaderLibrary: Display: ShaderCodeLibraryPakFileMountedCallback: pending pak file info (ChunkID:-1 Root:root:/ File:D:/Epic Games/UE_4.27/FeaturePacks/TP_ThirdPerson.upack)
[2021.11.04-15.59.39:691][  0]LogPakFile: OnPakFileMounted2Time == 0.000039
[2021.11.04-15.59.39:696][  0]LogPakFile: PakFile PrimaryIndexSize=189
[2021.11.04-15.59.39:696][  0]LogPakFile: PakFile PathHashIndexSize=101
[2021.11.04-15.59.39:696][  0]LogPakFile: PakFile FullDirectoryIndexSize=152
[2021.11.04-15.59.39:696][  0]LogShaderLibrary: Display: ShaderCodeLibraryPakFileMountedCallback: PakFile 'D:/Epic Games/UE_4.27/FeaturePacks/TP_ThirdPersonBP.upack' (chunk index -1, root 'root:/') mounted
[2021.11.04-15.59.39:696][  0]LogShaderLibrary: Display: ShaderCodeLibraryPakFileMountedCallback: pending pak file info (ChunkID:-1 Root:root:/ File:D:/Epic Games/UE_4.27/FeaturePacks/TP_ThirdPersonBP.upack)
[2021.11.04-15.59.39:696][  0]LogPakFile: OnPakFileMounted2Time == 0.000036
[2021.11.04-15.59.39:701][  0]LogPakFile: PakFile PrimaryIndexSize=183
[2021.11.04-15.59.39:701][  0]LogPakFile: PakFile PathHashIndexSize=101
[2021.11.04-15.59.39:701][  0]LogPakFile: PakFile FullDirectoryIndexSize=140
[2021.11.04-15.59.39:701][  0]LogShaderLibrary: Display: ShaderCodeLibraryPakFileMountedCallback: PakFile 'D:/Epic Games/UE_4.27/FeaturePacks/TP_TopDown.upack' (chunk index -1, root 'root:/') mounted
[2021.11.04-15.59.39:701][  0]LogShaderLibrary: Display: ShaderCodeLibraryPakFileMountedCallback: pending pak file info (ChunkID:-1 Root:root:/ File:D:/Epic Games/UE_4.27/FeaturePacks/TP_TopDown.upack)
[2021.11.04-15.59.39:701][  0]LogPakFile: OnPakFileMounted2Time == 0.000064
[2021.11.04-15.59.39:706][  0]LogPakFile: PakFile PrimaryIndexSize=185
[2021.11.04-15.59.39:706][  0]LogPakFile: PakFile PathHashIndexSize=101
[2021.11.04-15.59.39:706][  0]LogPakFile: PakFile FullDirectoryIndexSize=144
[2021.11.04-15.59.39:706][  0]LogShaderLibrary: Display: ShaderCodeLibraryPakFileMountedCallback: PakFile 'D:/Epic Games/UE_4.27/FeaturePacks/TP_TopDownBP.upack' (chunk index -1, root 'root:/') mounted
[2021.11.04-15.59.39:706][  0]LogShaderLibrary: Display: ShaderCodeLibraryPakFileMountedCallback: pending pak file info (ChunkID:-1 Root:root:/ File:D:/Epic Games/UE_4.27/FeaturePacks/TP_TopDownBP.upack)
[2021.11.04-15.59.39:706][  0]LogPakFile: OnPakFileMounted2Time == 0.000036
[2021.11.04-15.59.39:714][  0]LogPakFile: PakFile PrimaryIndexSize=185
[2021.11.04-15.59.39:714][  0]LogPakFile: PakFile PathHashIndexSize=101
[2021.11.04-15.59.39:714][  0]LogPakFile: PakFile FullDirectoryIndexSize=144
[2021.11.04-15.59.39:714][  0]LogShaderLibrary: Display: ShaderCodeLibraryPakFileMountedCallback: PakFile 'D:/Epic Games/UE_4.27/FeaturePacks/TP_TwinStick.upack' (chunk index -1, root 'root:/') mounted
[2021.11.04-15.59.39:714][  0]LogShaderLibrary: Display: ShaderCodeLibraryPakFileMountedCallback: pending pak file info (ChunkID:-1 Root:root:/ File:D:/Epic Games/UE_4.27/FeaturePacks/TP_TwinStick.upack)
[2021.11.04-15.59.39:714][  0]LogPakFile: OnPakFileMounted2Time == 0.000036
[2021.11.04-15.59.39:719][  0]LogPakFile: PakFile PrimaryIndexSize=187
[2021.11.04-15.59.39:719][  0]LogPakFile: PakFile PathHashIndexSize=101
[2021.11.04-15.59.39:719][  0]LogPakFile: PakFile FullDirectoryIndexSize=148
[2021.11.04-15.59.39:719][  0]LogShaderLibrary: Display: ShaderCodeLibraryPakFileMountedCallback: PakFile 'D:/Epic Games/UE_4.27/FeaturePacks/TP_TwinStickBP.upack' (chunk index -1, root 'root:/') mounted
[2021.11.04-15.59.39:719][  0]LogShaderLibrary: Display: ShaderCodeLibraryPakFileMountedCallback: pending pak file info (ChunkID:-1 Root:root:/ File:D:/Epic Games/UE_4.27/FeaturePacks/TP_TwinStickBP.upack)
[2021.11.04-15.59.39:719][  0]LogPakFile: OnPakFileMounted2Time == 0.000046
[2021.11.04-15.59.39:725][  0]LogPakFile: PakFile PrimaryIndexSize=183
[2021.11.04-15.59.39:725][  0]LogPakFile: PakFile PathHashIndexSize=101
[2021.11.04-15.59.39:725][  0]LogPakFile: PakFile FullDirectoryIndexSize=140
[2021.11.04-15.59.39:725][  0]LogShaderLibrary: Display: ShaderCodeLibraryPakFileMountedCallback: PakFile 'D:/Epic Games/UE_4.27/FeaturePacks/TP_Vehicle.upack' (chunk index -1, root 'root:/') mounted
[2021.11.04-15.59.39:725][  0]LogShaderLibrary: Display: ShaderCodeLibraryPakFileMountedCallback: pending pak file info (ChunkID:-1 Root:root:/ File:D:/Epic Games/UE_4.27/FeaturePacks/TP_Vehicle.upack)
[2021.11.04-15.59.39:725][  0]LogPakFile: OnPakFileMounted2Time == 0.000046
[2021.11.04-15.59.39:731][  0]LogPakFile: PakFile PrimaryIndexSize=186
[2021.11.04-15.59.39:731][  0]LogPakFile: PakFile PathHashIndexSize=101
[2021.11.04-15.59.39:731][  0]LogPakFile: PakFile FullDirectoryIndexSize=146
[2021.11.04-15.59.39:731][  0]LogShaderLibrary: Display: ShaderCodeLibraryPakFileMountedCallback: PakFile 'D:/Epic Games/UE_4.27/FeaturePacks/TP_VehicleAdv.upack' (chunk index -1, root 'root:/') mounted
[2021.11.04-15.59.39:731][  0]LogShaderLibrary: Display: ShaderCodeLibraryPakFileMountedCallback: pending pak file info (ChunkID:-1 Root:root:/ File:D:/Epic Games/UE_4.27/FeaturePacks/TP_VehicleAdv.upack)
[2021.11.04-15.59.39:731][  0]LogPakFile: OnPakFileMounted2Time == 0.000037
[2021.11.04-15.59.39:736][  0]LogPakFile: PakFile PrimaryIndexSize=188
[2021.11.04-15.59.39:736][  0]LogPakFile: PakFile PathHashIndexSize=101
[2021.11.04-15.59.39:736][  0]LogPakFile: PakFile FullDirectoryIndexSize=150
[2021.11.04-15.59.39:736][  0]LogShaderLibrary: Display: ShaderCodeLibraryPakFileMountedCallback: PakFile 'D:/Epic Games/UE_4.27/FeaturePacks/TP_VehicleAdvBP.upack' (chunk index -1, root 'root:/') mounted
[2021.11.04-15.59.39:736][  0]LogShaderLibrary: Display: ShaderCodeLibraryPakFileMountedCallback: pending pak file info (ChunkID:-1 Root:root:/ File:D:/Epic Games/UE_4.27/FeaturePacks/TP_VehicleAdvBP.upack)
[2021.11.04-15.59.39:736][  0]LogPakFile: OnPakFileMounted2Time == 0.000038
[2021.11.04-15.59.39:741][  0]LogPakFile: PakFile PrimaryIndexSize=185
[2021.11.04-15.59.39:741][  0]LogPakFile: PakFile PathHashIndexSize=101
[2021.11.04-15.59.39:742][  0]LogPakFile: PakFile FullDirectoryIndexSize=144
[2021.11.04-15.59.39:742][  0]LogShaderLibrary: Display: ShaderCodeLibraryPakFileMountedCallback: PakFile 'D:/Epic Games/UE_4.27/FeaturePacks/TP_VehicleBP.upack' (chunk index -1, root 'root:/') mounted
[2021.11.04-15.59.39:742][  0]LogShaderLibrary: Display: ShaderCodeLibraryPakFileMountedCallback: pending pak file info (ChunkID:-1 Root:root:/ File:D:/Epic Games/UE_4.27/FeaturePacks/TP_VehicleBP.upack)
[2021.11.04-15.59.39:742][  0]LogPakFile: OnPakFileMounted2Time == 0.000052
[2021.11.04-15.59.39:747][  0]LogPakFile: PakFile PrimaryIndexSize=192
[2021.11.04-15.59.39:747][  0]LogPakFile: PakFile PathHashIndexSize=101
[2021.11.04-15.59.39:747][  0]LogPakFile: PakFile FullDirectoryIndexSize=158
[2021.11.04-15.59.39:747][  0]LogShaderLibrary: Display: ShaderCodeLibraryPakFileMountedCallback: PakFile 'D:/Epic Games/UE_4.27/FeaturePacks/TP_VirtualRealityBP.upack' (chunk index -1, root 'root:/') mounted
[2021.11.04-15.59.39:747][  0]LogShaderLibrary: Display: ShaderCodeLibraryPakFileMountedCallback: pending pak file info (ChunkID:-1 Root:root:/ File:D:/Epic Games/UE_4.27/FeaturePacks/TP_VirtualRealityBP.upack)
[2021.11.04-15.59.39:747][  0]LogPakFile: OnPakFileMounted2Time == 0.000036
[2021.11.04-15.59.40:106][  0]LogNativeClassHierarchy: Verbose: Native class hierarchy updated for 'AddContentDialog' in 0.0003 seconds. Added 0 classes and 0 folders.
[2021.11.04-15.59.40:113][  0]LogNativeClassHierarchy: Verbose: Native class hierarchy updated for 'SceneOutliner' in 0.0003 seconds. Added 2 classes and 0 folders.
[2021.11.04-15.59.40:206][  0]LogSlate: Took 0.000252 seconds to synchronously load lazily loaded font '../../../Engine/Content/Slate/Fonts/Roboto-Regular.ttf' (155K)
[2021.11.04-15.59.40:214][  0]LogSlate: Took 0.006031 seconds to synchronously load lazily loaded font '../../../Engine/Content/Editor/Slate/Fonts/FontAwesome.ttf' (139K)
[2021.11.04-15.59.40:218][  0]LogSlate: Took 0.000122 seconds to synchronously load lazily loaded font '../../../Engine/Content/Slate/Fonts/Roboto-Bold.ttf' (160K)
[2021.11.04-15.59.40:341][  0]LogRenderer: Reallocating scene render targets to support 1528x724 Format 10 NumSamples 1 (Frame:1).
[2021.11.04-15.59.40:533][  0]LogNativeClassHierarchy: Verbose: Native class hierarchy updated for 'HierarchicalLODOutliner' in 0.0003 seconds. Added 0 classes and 0 folders.
[2021.11.04-15.59.40:533][  0]LogLoad: (Engine Initialization) Total time: 7.77 seconds
[2021.11.04-15.59.40:533][  0]LogLoad: (Engine Initialization) Total Blueprint compile time: 0.00 seconds
[2021.11.04-15.59.40:578][  0]LogAssetRegistry: Asset discovery search completed in 5.0957 seconds
[2021.11.04-15.59.40:582][  0]LogCollectionManager: Fixed up redirectors for 0 collections in 0.000003 seconds (updated 0 objects)
[2021.11.04-15.59.40:585][  0]LogContentStreaming: Texture pool size now 1000 MB
[2021.11.04-15.59.40:697][  4]LogSlate: Took 0.006084 seconds to synchronously load lazily loaded font '../../../Engine/Content/Slate/Fonts/Roboto-Light.ttf' (167K)
[2021.11.04-16.00.49:285][ 99]LogWindows: Warning: CreateProc failed: Не удается найти указанный файл. (0x00000002)
[2021.11.04-16.00.49:285][ 99]LogWindows: Warning: URL: C:/Program Files/Git/bin/git.exe version
[2021.11.04-16.00.49:285][ 99]LogWindows: Warning: CreateProc failed: Не удается найти указанный файл. (0x00000002)
[2021.11.04-16.00.49:285][ 99]LogWindows: Warning: URL: C:/Program Files (x86)/Git/bin/git.exe version
[2021.11.04-16.00.49:285][ 99]LogWindows: Warning: CreateProc failed: Не удается найти указанный файл. (0x00000002)
[2021.11.04-16.00.49:285][ 99]LogWindows: Warning: URL: C:\Users\User\AppData\Local/Programs/Git/cmd/git.exe version
[2021.11.04-16.00.49:285][ 99]LogWindows: Warning: CreateProc failed: Не удается найти указанный файл. (0x00000002)
[2021.11.04-16.00.49:285][ 99]LogWindows: Warning: URL: C:/Program Files (x86)/SmartGit/git/bin/git.exe version
[2021.11.04-16.00.49:286][ 99]LogWindows: Warning: CreateProc failed: Не удается найти указанный файл. (0x00000002)
[2021.11.04-16.00.49:286][ 99]LogWindows: Warning: URL: C:/Program Files (x86)/SmartGit/bin/git.exe version
[2021.11.04-16.00.49:286][ 99]LogWindows: Warning: CreateProc failed: Не удается найти указанный файл. (0x00000002)
[2021.11.04-16.00.49:286][ 99]LogWindows: Warning: URL: C:\Users\User\AppData\Local/Atlassian/SourceTree/git_local/bin/git.exe version
[2021.11.04-16.00.49:286][ 99]LogWindows: Warning: CreateProc failed: Не удается найти указанный файл. (0x00000002)
[2021.11.04-16.00.49:286][ 99]LogWindows: Warning: URL: C:/Program Files (x86)/fournova/Tower/vendor/Git/bin/git.exe version
[2021.11.04-16.00.57:780][641]LogSlate: Took 0.006971 seconds to synchronously load lazily loaded font '../../../Engine/Content/Slate/Fonts/DroidSansMono.ttf' (77K)
[2021.11.04-16.01.30:600][152]SourceControl: Source control is disabled
[2021.11.04-16.01.30:600][152]LogSlate: Window 'Source Control Login' being destroyed
